11/4/2020 14:03:10 Se conecto con ip:127.0.0.1
11/4/2020 14:03:16 Transportó a gs hacia Mapa1 X:60 Y:46
11/4/2020 14:03:16 Transportó a gs hacia Mapa1 X:57 Y:49
11/4/2020 14:03:16 Transportó a gs hacia Mapa1 X:53 Y:53
11/4/2020 14:03:18 Transportó a gs hacia Mapa1 X:55 Y:59
11/4/2020 14:03:18 Transportó a gs hacia Mapa1 X:54 Y:65
11/4/2020 15:03:34 Se conecto con ip:127.0.0.1
11/4/2020 15:03:37 Transportó a gs hacia Mapa1 X:53 Y:60
11/4/2020 15:03:38 Transportó a gs hacia Mapa1 X:54 Y:53
11/4/2020 15:03:38 Transportó a gs hacia Mapa1 X:60 Y:48
11/4/2020 15:03:44 Transportó a gs hacia Mapa1 X:56 Y:53
11/4/2020 15:03:44 Transportó a gs hacia Mapa1 X:56 Y:48
11/4/2020 15:21:35 Se conecto con ip:127.0.0.1
11/4/2020 15:21:39 Transportó a gs hacia Mapa1 X:58 Y:44
11/4/2020 15:21:40 Transportó a gs hacia Mapa1 X:59 Y:45
11/4/2020 15:21:42 Transportó a gs hacia Mapa1 X:59 Y:49
11/4/2020 15:21:42 Transportó a gs hacia Mapa1 X:55 Y:53
11/4/2020 15:21:48 Transportó a gs hacia Mapa1 X:57 Y:49
11/4/2020 15:21:49 Transportó a gs hacia Mapa1 X:57 Y:43
11/4/2020 16:19:57 Se conecto con ip:127.0.0.1
11/4/2020 16:20:04 Transportó a gs hacia Mapa1 X:55 Y:53
11/4/2020 16:20:04 Transportó a gs hacia Mapa1 X:53 Y:56
11/4/2020 16:20:05 Transportó a gs hacia Mapa1 X:52 Y:60
11/4/2020 16:20:08 Transportó a gs hacia Mapa1 X:56 Y:49
11/4/2020 16:33:24 Se conecto con ip:181.16.46.131
11/4/2020 16:33:28 Transportó a gs hacia Mapa1 X:59 Y:49
11/4/2020 16:33:28 Transportó a gs hacia Mapa1 X:61 Y:45
11/4/2020 16:33:36 Transportó a gs hacia Mapa1 X:58 Y:41
11/4/2020 16:33:39 Transportó a gs hacia Mapa1 X:56 Y:48
11/4/2020 16:33:39 Transportó a gs hacia Mapa1 X:53 Y:51
11/4/2020 16:33:40 Transportó a gs hacia Mapa1 X:54 Y:56
11/4/2020 16:33:40 Transportó a gs hacia Mapa1 X:55 Y:60
11/4/2020 16:33:50 Transportó a gs hacia Mapa1 X:57 Y:56
11/4/2020 16:33:56 Transportó a gs hacia Mapa1 X:57 Y:47
11/4/2020 16:34:20 Transportó a gs hacia Mapa1 X:59 Y:48
11/4/2020 16:34:21 Transportó a gs hacia Mapa1 X:54 Y:52
11/4/2020 16:34:21 Transportó a gs hacia Mapa1 X:51 Y:58
11/4/2020 16:34:22 Transportó a gs hacia Mapa1 X:54 Y:55
11/4/2020 16:34:43 Transportó a gs hacia Mapa1 X:57 Y:47
11/4/2020 16:34:47 Transportó a gs hacia Mapa1 X:58 Y:46
11/4/2020 16:34:48 Transportó a gs hacia Mapa1 X:61 Y:49
11/4/2020 16:34:55 Transportó a gs hacia Mapa1 X:61 Y:50
11/4/2020 16:35:22 Transportó a gs hacia Mapa1 X:54 Y:61
11/4/2020 16:35:55 /MOD ORO 10000  gs
11/4/2020 16:36:08 Transportó a gs hacia Mapa1 X:57 Y:67
11/4/2020 16:36:14 Transportó a gs hacia Mapa1 X:60 Y:65
11/4/2020 16:36:21 Transportó a gs hacia Mapa1 X:57 Y:62
11/4/2020 16:36:22 Transportó a gs hacia Mapa1 X:52 Y:62
11/4/2020 16:36:22 Transportó a gs hacia Mapa1 X:48 Y:62
11/4/2020 16:36:25 Transportó a gs hacia Mapa1 X:53 Y:56
11/4/2020 16:36:26 Transportó a gs hacia Mapa1 X:58 Y:50
11/4/2020 16:36:28 Transportó a gs hacia Mapa1 X:67 Y:47
11/4/2020 16:36:28 Transportó a gs hacia Mapa1 X:72 Y:46
11/4/2020 16:36:29 Transportó a gs hacia Mapa1 X:74 Y:49
11/4/2020 16:36:30 Transportó a gs hacia Mapa1 X:74 Y:45
11/4/2020 16:36:30 Transportó a gs hacia Mapa1 X:74 Y:40
11/4/2020 16:36:30 Transportó a gs hacia Mapa1 X:75 Y:35
11/4/2020 16:36:42 Transportó a gs hacia Mapa1 X:67 Y:37
11/4/2020 16:36:43 Transportó a gs hacia Mapa1 X:61 Y:40
11/4/2020 16:36:43 Transportó a gs hacia Mapa1 X:56 Y:42
11/4/2020 16:36:44 Transportó a gs hacia Mapa1 X:50 Y:43
11/4/2020 16:36:44 Transportó a gs hacia Mapa1 X:44 Y:45
11/4/2020 16:36:45 Transportó a gs hacia Mapa1 X:38 Y:46
11/4/2020 16:36:46 Transportó a gs hacia Mapa1 X:39 Y:52
11/4/2020 16:37:35 Transportó a gs hacia Mapa1 X:47 Y:69
11/4/2020 16:37:35 Transportó a gs hacia Mapa1 X:55 Y:68
11/4/2020 16:37:36 Transportó a gs hacia Mapa1 X:60 Y:68
11/4/2020 16:37:36 Transportó a gs hacia Mapa1 X:59 Y:71
11/4/2020 16:37:37 Transportó a gs hacia Mapa1 X:58 Y:74
11/4/2020 16:37:37 Transportó a gs hacia Mapa1 X:57 Y:77
11/4/2020 16:37:39 Transportó a gs hacia Mapa1 X:55 Y:69
11/4/2020 16:37:40 Transportó a gs hacia Mapa1 X:56 Y:62
11/4/2020 16:37:40 Transportó a gs hacia Mapa1 X:56 Y:56
11/4/2020 16:37:41 Transportó a gs hacia Mapa1 X:56 Y:49
11/4/2020 16:37:52 Transportó a gs hacia Mapa1 X:61 Y:30
11/4/2020 16:37:57 Transportó a gs hacia Mapa1 X:67 Y:32
11/4/2020 16:37:57 Transportó a gs hacia Mapa1 X:70 Y:34
11/4/2020 16:37:59 Transportó a gs hacia Mapa1 X:80 Y:35
11/4/2020 16:38:00 Transportó a gs hacia Mapa1 X:80 Y:39
11/4/2020 16:38:00 Transportó a gs hacia Mapa1 X:79 Y:43
11/4/2020 16:38:00 Transportó a gs hacia Mapa1 X:77 Y:47
11/4/2020 16:38:01 Transportó a gs hacia Mapa1 X:75 Y:51
11/4/2020 16:38:01 Transportó a gs hacia Mapa1 X:75 Y:55
11/4/2020 16:38:01 Transportó a gs hacia Mapa1 X:76 Y:60
11/4/2020 16:38:02 Transportó a gs hacia Mapa1 X:77 Y:64
11/4/2020 16:38:03 Transportó a gs hacia Mapa1 X:75 Y:70
11/4/2020 16:38:03 Transportó a gs hacia Mapa1 X:73 Y:71
11/4/2020 16:38:03 Transportó a gs hacia Mapa1 X:69 Y:74
11/4/2020 16:38:30 Transportó a gs hacia Mapa1 X:69 Y:63
11/4/2020 16:38:30 Transportó a gs hacia Mapa1 X:66 Y:57
11/4/2020 16:38:30 Transportó a gs hacia Mapa1 X:61 Y:54
11/4/2020 16:38:31 Transportó a gs hacia Mapa1 X:59 Y:49
11/4/2020 16:38:37 Transportó a gs hacia Mapa1 X:62 Y:37
11/4/2020 16:38:37 Transportó a gs hacia Mapa1 X:67 Y:31
11/4/2020 16:38:38 Transportó a gs hacia Mapa1 X:67 Y:34
11/4/2020 16:38:38 Transportó a gs hacia Mapa1 X:64 Y:38
11/4/2020 16:38:39 Transportó a gs hacia Mapa1 X:61 Y:42
11/4/2020 16:38:39 Transportó a gs hacia Mapa1 X:57 Y:46
11/4/2020 16:38:43 Transportó a gs hacia Mapa1 X:58 Y:45
11/4/2020 16:38:43 Transportó a gs hacia Mapa1 X:61 Y:43
11/4/2020 16:39:05 Transportó a gs hacia Mapa1 X:59 Y:45
11/4/2020 16:39:09 Transportó a gs hacia Mapa1 X:54 Y:39
11/4/2020 16:39:10 Transportó a gs hacia Mapa1 X:52 Y:34
11/4/2020 16:39:10 Transportó a gs hacia Mapa1 X:52 Y:29
11/4/2020 16:39:11 Transportó a gs hacia Mapa1 X:50 Y:26
11/4/2020 16:39:11 Transportó a gs hacia Mapa1 X:45 Y:27
11/4/2020 16:39:11 Transportó a gs hacia Mapa1 X:40 Y:29
11/4/2020 16:39:12 Transportó a gs hacia Mapa1 X:37 Y:31
11/4/2020 16:39:12 Transportó a gs hacia Mapa1 X:36 Y:35
11/4/2020 16:39:12 Transportó a gs hacia Mapa1 X:36 Y:39
11/4/2020 16:39:13 Transportó a gs hacia Mapa1 X:36 Y:43
11/4/2020 16:39:41 Transportó a gs hacia Mapa1 X:54 Y:84
11/4/2020 16:39:41 Transportó a gs hacia Mapa1 X:55 Y:77
11/4/2020 16:39:41 Transportó a gs hacia Mapa1 X:56 Y:70
11/4/2020 16:39:41 Transportó a gs hacia Mapa1 X:57 Y:64
11/4/2020 16:39:42 Transportó a gs hacia Mapa1 X:58 Y:58
11/4/2020 16:39:42 Transportó a gs hacia Mapa1 X:59 Y:52
11/4/2020 16:39:42 Transportó a gs hacia Mapa1 X:59 Y:46
11/4/2020 16:50:31 Se conecto con ip:181.16.46.131
11/4/2020 16:50:36 Transportó a gs hacia Mapa1 X:59 Y:45
11/4/2020 16:50:49 Transportó a gs hacia Mapa1 X:59 Y:46
11/4/2020 17:03:06 Se conecto con ip:181.16.46.131
11/4/2020 17:03:37 /SUM renzo Map:1 X:59 Y:46
11/4/2020 17:05:52 Tiró cantidad:1 Objeto:Vara de Fresno
11/4/2020 17:06:09 /INVISIBLE
11/4/2020 17:06:10 /INVISIBLE
11/4/2020 17:06:15 Agarro:1 Objeto:Vara de Fresno
11/4/2020 17:06:26 Transportó a gs hacia Mapa1 X:59 Y:46
11/4/2020 17:06:40 Transportó a gs hacia Mapa1 X:50 Y:50
11/4/2020 17:07:36 Transportó a gs hacia Mapa1 X:58 Y:49
11/4/2020 17:08:21 Tiró cantidad:1 Objeto:Vara de Fresno
11/4/2020 17:08:26 Agarro:1 Objeto:Vara de Fresno
11/4/2020 17:09:21 Tiró cantidad:1 Objeto:Vara de Fresno
11/4/2020 17:09:27 /MOD LEVEL 40  gs
11/4/2020 17:09:30 Agarro:1 Objeto:Vara de Fresno
11/4/2020 17:09:35 Transportó a gs hacia Mapa1 X:58 Y:50
11/4/2020 17:14:31 Se conecto con ip:181.16.46.131
11/4/2020 17:14:37 Transportó a gs hacia Mapa1 X:57 Y:48
11/4/2020 17:15:41 Tiró cantidad:1 Objeto:Vara de Fresno
