11/4/2020 17:17:21 Se conecto con ip:181.16.46.131
11/4/2020 17:18:01 Transportó a Itaxhi hacia Mapa1 X:58 Y:42
11/4/2020 17:18:01 Transportó a Itaxhi hacia Mapa1 X:54 Y:40
11/4/2020 17:18:06 /IRA REnzo Mapa:1 X:53 Y:75
11/4/2020 17:18:16 Transportó a Itaxhi hacia Mapa1 X:60 Y:75
11/4/2020 17:19:27 Transportó a Itaxhi hacia Mapa1 X:54 Y:77
11/4/2020 17:19:30 Transportó a Itaxhi hacia Mapa1 X:55 Y:71
11/4/2020 17:19:30 Transportó a Itaxhi hacia Mapa1 X:56 Y:65
11/4/2020 17:19:31 Transportó a Itaxhi hacia Mapa1 X:55 Y:67
11/4/2020 17:19:31 Transportó a Itaxhi hacia Mapa1 X:54 Y:72
11/4/2020 17:19:31 Transportó a Itaxhi hacia Mapa1 X:53 Y:77
11/4/2020 17:22:02 Transportó a Itaxhi hacia Mapa1 X:57 Y:80
11/4/2020 17:22:03 Transportó a Itaxhi hacia Mapa1 X:55 Y:79
11/4/2020 17:22:05 Transportó a Itaxhi hacia Mapa1 X:53 Y:78
11/4/2020 17:22:13 Se conecto con ip:181.16.46.131
11/4/2020 17:25:58 Se conecto con ip:181.16.46.131
11/4/2020 17:26:06 Transportó a Itaxhi hacia Mapa1 X:57 Y:61
11/4/2020 17:26:07 Transportó a Itaxhi hacia Mapa1 X:60 Y:57
11/4/2020 17:26:08 Transportó a Itaxhi hacia Mapa1 X:60 Y:51
11/4/2020 17:26:08 Transportó a Itaxhi hacia Mapa1 X:59 Y:47
11/4/2020 17:26:25 Transportó a Itaxhi hacia Mapa1 X:57 Y:46
11/4/2020 17:26:26 Transportó a Itaxhi hacia Mapa1 X:57 Y:50
11/4/2020 17:26:53 Se conecto con ip:181.16.46.131
11/4/2020 17:27:05 /SUM pruebaclan Map:1 X:56 Y:48
11/4/2020 17:27:23 /MOD SKILLS liderazgo 100 pruebaclan
11/4/2020 17:27:40 /MOD LEVEL 30  pruebaclan
11/4/2020 17:27:52 Transportó a Itaxhi hacia Mapa1 X:59 Y:50
11/4/2020 17:27:54 Transportó a Itaxhi hacia Mapa1 X:57 Y:48
11/4/2020 17:27:55 Transportó a Itaxhi hacia Mapa1 X:58 Y:48
11/4/2020 17:28:16 Transportó a Itaxhi hacia Mapa1 X:53 Y:52
11/4/2020 17:28:17 Transportó a Itaxhi hacia Mapa1 X:59 Y:49
11/4/2020 17:29:08 Transportó a Itaxhi hacia Mapa1 X:58 Y:43
11/4/2020 17:29:10 Transportó a Itaxhi hacia Mapa1 X:59 Y:48
11/4/2020 17:29:12 Transportó a Itaxhi hacia Mapa1 X:59 Y:44
11/4/2020 17:29:40 Transportó a Itaxhi hacia Mapa1 X:58 Y:47
11/4/2020 17:29:47 Transportó a Itaxhi hacia Mapa1 X:59 Y:45
11/4/2020 17:30:12 Transportó a Itaxhi hacia Mapa1 X:60 Y:54
11/4/2020 17:30:12 Transportó a Itaxhi hacia Mapa1 X:59 Y:48
11/4/2020 17:30:51 Se conecto con ip:181.16.46.131
11/4/2020 17:31:17 Se conecto con ip:181.16.46.131
11/4/2020 17:34:20 Transportó a Itaxhi hacia Mapa1 X:70 Y:36
11/4/2020 17:34:24 Transportó a Itaxhi hacia Mapa1 X:78 Y:35
11/4/2020 17:34:25 Transportó a Itaxhi hacia Mapa1 X:75 Y:39
11/4/2020 17:35:02 Transportó a Itaxhi hacia Mapa1 X:69 Y:38
11/4/2020 17:35:03 Transportó a Itaxhi hacia Mapa1 X:64 Y:41
11/4/2020 17:35:05 Transportó a Itaxhi hacia Mapa1 X:59 Y:44
11/4/2020 17:35:32 Transportó a Itaxhi hacia Mapa1 X:63 Y:42
11/4/2020 17:35:33 Transportó a Itaxhi hacia Mapa1 X:70 Y:38
11/4/2020 17:35:34 Transportó a Itaxhi hacia Mapa1 X:73 Y:35
11/4/2020 17:35:38 Transportó a Itaxhi hacia Mapa1 X:77 Y:33
11/4/2020 17:43:08 Se conecto con ip:181.16.46.131
11/4/2020 17:43:11 Transportó a Itaxhi hacia Mapa1 X:74 Y:35
11/4/2020 17:43:12 Transportó a Itaxhi hacia Mapa1 X:67 Y:36
11/4/2020 17:43:12 Transportó a Itaxhi hacia Mapa1 X:59 Y:39
11/4/2020 17:43:13 Transportó a Itaxhi hacia Mapa1 X:58 Y:44
11/4/2020 17:43:39 Se conecto con ip:181.16.46.131
11/4/2020 17:45:16 Transportó a Itaxhi hacia Mapa1 X:63 Y:39
11/4/2020 17:45:28 Transportó a Itaxhi hacia Mapa1 X:57 Y:46
11/4/2020 17:45:33 Transportó a Itaxhi hacia Mapa1 X:56 Y:60
11/4/2020 17:45:33 Transportó a Itaxhi hacia Mapa1 X:57 Y:57
11/4/2020 17:45:33 Transportó a Itaxhi hacia Mapa1 X:58 Y:53
11/4/2020 17:45:43 Transportó a Itaxhi hacia Mapa1 X:58 Y:45
11/4/2020 17:46:36 Transportó a Itaxhi hacia Mapa1 X:64 Y:34
11/4/2020 17:46:37 Transportó a Itaxhi hacia Mapa1 X:70 Y:29
11/4/2020 17:46:38 Transportó a Itaxhi hacia Mapa1 X:67 Y:31
11/4/2020 17:46:39 Transportó a Itaxhi hacia Mapa1 X:62 Y:36
11/4/2020 17:46:39 Transportó a Itaxhi hacia Mapa1 X:57 Y:41
11/4/2020 20:03:53 Se conecto con ip:181.16.46.131
11/4/2020 20:03:54 Se conecto con ip:181.16.46.131
11/4/2020 20:04:55 Se conecto con ip:181.16.46.131
11/4/2020 20:05:48 Transportó a ITAXHI hacia Mapa1 X:55 Y:53
11/4/2020 20:05:50 Transportó a ITAXHI hacia Mapa1 X:43 Y:57
11/4/2020 20:06:04 Transportó a ITAXHI hacia Mapa1 X:56 Y:65
11/4/2020 20:06:05 Transportó a ITAXHI hacia Mapa1 X:62 Y:61
11/4/2020 20:06:05 Transportó a ITAXHI hacia Mapa1 X:68 Y:59
11/4/2020 20:06:05 Transportó a ITAXHI hacia Mapa1 X:74 Y:58
11/4/2020 20:06:06 Transportó a ITAXHI hacia Mapa1 X:75 Y:58
11/4/2020 20:06:06 Transportó a ITAXHI hacia Mapa1 X:71 Y:57
11/4/2020 20:06:07 Transportó a ITAXHI hacia Mapa1 X:64 Y:55
11/4/2020 20:06:07 Transportó a ITAXHI hacia Mapa1 X:60 Y:51
11/4/2020 20:06:07 Transportó a ITAXHI hacia Mapa1 X:59 Y:46
11/4/2020 20:06:11 Transportó a ITAXHI hacia Mapa1 X:58 Y:39
11/4/2020 20:06:12 Transportó a ITAXHI hacia Mapa1 X:54 Y:38
11/4/2020 20:11:23 Transportó a ITAXHI hacia Mapa1 X:59 Y:43
11/4/2020 20:11:25 Transportó a ITAXHI hacia Mapa1 X:63 Y:35
11/4/2020 20:11:29 Transportó a ITAXHI hacia Mapa1 X:60 Y:42
11/4/2020 20:11:29 Transportó a ITAXHI hacia Mapa1 X:55 Y:49
11/4/2020 20:12:17 /IRA Renzo Mapa:34 X:39 Y:82
11/4/2020 20:12:19 Transportó a ITAXHI hacia Mapa34 X:37 Y:79
11/4/2020 20:12:33 /IRA renzo Mapa:34 X:25 Y:61
11/4/2020 20:12:49 Transportó a ITAXHI hacia Mapa34 X:21 Y:52
11/4/2020 20:13:00 Transportó a ITAXHI hacia Mapa34 X:15 Y:50
11/4/2020 20:13:07 Transportó a ITAXHI hacia Mapa1 X:50 Y:50
11/4/2020 20:13:10 Transportó a ITAXHI hacia Mapa1 X:59 Y:48
11/4/2020 20:16:29 Se conecto con ip:181.16.46.131
11/4/2020 20:20:41 Se conecto con ip:181.16.46.131
11/4/2020 20:22:58 Se conecto con ip:181.16.46.131
11/4/2020 20:43:55 Se conecto con ip:181.16.46.131
11/4/2020 20:44:28 /MOD EXP 10000  Itaxhi
11/4/2020 20:44:36 /MOD EXP 90000  Itaxhi
11/4/2020 20:44:39 Transportó a Itaxhi hacia Mapa1 X:59 Y:43
11/4/2020 20:44:41 Transportó a Itaxhi hacia Mapa1 X:59 Y:47
11/4/2020 20:44:42 Transportó a Itaxhi hacia Mapa1 X:59 Y:51
11/4/2020 20:44:42 Transportó a Itaxhi hacia Mapa1 X:57 Y:55
11/4/2020 20:44:43 Transportó a Itaxhi hacia Mapa1 X:55 Y:60
11/4/2020 20:44:43 Transportó a Itaxhi hacia Mapa1 X:56 Y:65
11/4/2020 20:44:45 Transportó a Itaxhi hacia Mapa1 X:56 Y:60
11/4/2020 20:44:45 Transportó a Itaxhi hacia Mapa1 X:58 Y:56
11/4/2020 20:44:45 Transportó a Itaxhi hacia Mapa1 X:61 Y:51
11/4/2020 20:45:32 Transportó a Itaxhi hacia Mapa1 X:54 Y:38
11/4/2020 20:45:33 Transportó a Itaxhi hacia Mapa1 X:51 Y:34
11/4/2020 20:45:34 Transportó a Itaxhi hacia Mapa1 X:50 Y:37
11/4/2020 20:45:34 Transportó a Itaxhi hacia Mapa1 X:50 Y:41
11/4/2020 20:45:34 Transportó a Itaxhi hacia Mapa1 X:49 Y:46
11/4/2020 20:45:35 Transportó a Itaxhi hacia Mapa1 X:46 Y:51
11/4/2020 20:45:35 Transportó a Itaxhi hacia Mapa1 X:48 Y:55
11/4/2020 20:45:36 Transportó a Itaxhi hacia Mapa1 X:53 Y:54
11/4/2020 20:45:36 Transportó a Itaxhi hacia Mapa1 X:58 Y:51
11/4/2020 20:45:37 Transportó a Itaxhi hacia Mapa1 X:58 Y:46
11/4/2020 20:45:39 Transportó a Itaxhi hacia Mapa1 X:56 Y:52
11/4/2020 20:45:40 Transportó a Itaxhi hacia Mapa1 X:56 Y:57
11/4/2020 20:45:40 Transportó a Itaxhi hacia Mapa1 X:54 Y:62
11/4/2020 20:45:40 Transportó a Itaxhi hacia Mapa1 X:51 Y:67
11/4/2020 20:45:40 Transportó a Itaxhi hacia Mapa1 X:49 Y:72
11/4/2020 20:45:40 Transportó a Itaxhi hacia Mapa1 X:49 Y:77
11/4/2020 20:45:40 Transportó a Itaxhi hacia Mapa1 X:50 Y:84
11/4/2020 20:45:41 Transportó a Itaxhi hacia Mapa1 X:52 Y:90
11/4/2020 20:45:43 Transportó a Itaxhi hacia Mapa2 X:54 Y:16
11/4/2020 20:45:43 Transportó a Itaxhi hacia Mapa2 X:53 Y:21
11/4/2020 20:45:43 Transportó a Itaxhi hacia Mapa2 X:51 Y:26
11/4/2020 20:45:44 Transportó a Itaxhi hacia Mapa2 X:47 Y:29
11/4/2020 20:45:44 Transportó a Itaxhi hacia Mapa2 X:42 Y:32
11/4/2020 20:45:44 Transportó a Itaxhi hacia Mapa2 X:46 Y:34
11/4/2020 20:45:45 Transportó a Itaxhi hacia Mapa2 X:50 Y:34
11/4/2020 20:45:45 Transportó a Itaxhi hacia Mapa2 X:53 Y:32
11/4/2020 20:45:45 Transportó a Itaxhi hacia Mapa2 X:59 Y:30
11/4/2020 20:45:46 Transportó a Itaxhi hacia Mapa2 X:63 Y:28
11/4/2020 20:45:46 Transportó a Itaxhi hacia Mapa2 X:67 Y:26
11/4/2020 20:45:46 Transportó a Itaxhi hacia Mapa2 X:71 Y:26
11/4/2020 20:45:46 Transportó a Itaxhi hacia Mapa2 X:75 Y:26
11/4/2020 20:45:46 Transportó a Itaxhi hacia Mapa2 X:77 Y:24
11/4/2020 20:45:47 Transportó a Itaxhi hacia Mapa2 X:78 Y:24
11/4/2020 20:45:47 Transportó a Itaxhi hacia Mapa2 X:76 Y:30
11/4/2020 20:45:55 Transportó a Itaxhi hacia Mapa2 X:69 Y:30
11/4/2020 20:45:55 Transportó a Itaxhi hacia Mapa2 X:64 Y:26
11/4/2020 20:45:55 Transportó a Itaxhi hacia Mapa2 X:58 Y:23
11/4/2020 20:45:56 Transportó a Itaxhi hacia Mapa2 X:50 Y:22
11/4/2020 20:45:56 Transportó a Itaxhi hacia Mapa2 X:42 Y:21
11/4/2020 20:46:02 Transportó a Itaxhi hacia Mapa1 X:50 Y:50
11/4/2020 20:46:48 Transportó a Itaxhi hacia Mapa34 X:59 Y:91
11/4/2020 20:46:48 Transportó a Itaxhi hacia Mapa34 X:66 Y:91
11/4/2020 20:46:49 Transportó a Itaxhi hacia Mapa34 X:73 Y:91
11/4/2020 20:46:49 Transportó a Itaxhi hacia Mapa34 X:79 Y:91
11/4/2020 20:46:49 Transportó a Itaxhi hacia Mapa34 X:84 Y:90
11/4/2020 20:46:49 Transportó a Itaxhi hacia Mapa34 X:90 Y:89
11/4/2020 20:46:50 Transportó a Itaxhi hacia Mapa34 X:87 Y:86
11/4/2020 20:46:50 Transportó a Itaxhi hacia Mapa34 X:85 Y:83
11/4/2020 20:46:50 Transportó a Itaxhi hacia Mapa34 X:80 Y:80
11/4/2020 20:46:50 Transportó a Itaxhi hacia Mapa34 X:75 Y:77
11/4/2020 20:46:51 Transportó a Itaxhi hacia Mapa34 X:70 Y:75
11/4/2020 20:46:55 Transportó a Itaxhi hacia Mapa1 X:50 Y:50
11/4/2020 20:46:57 Transportó a Itaxhi hacia Mapa1 X:60 Y:50
11/4/2020 20:46:58 Transportó a Itaxhi hacia Mapa1 X:58 Y:44
11/4/2020 20:46:58 Transportó a Itaxhi hacia Mapa1 X:56 Y:49
11/4/2020 20:47:01 Transportó a Itaxhi hacia Mapa1 X:58 Y:56
11/4/2020 20:47:02 Transportó a Itaxhi hacia Mapa1 X:55 Y:63
11/4/2020 20:47:02 Transportó a Itaxhi hacia Mapa1 X:55 Y:69
11/4/2020 20:47:02 Transportó a Itaxhi hacia Mapa1 X:55 Y:75
11/4/2020 20:47:02 Transportó a Itaxhi hacia Mapa1 X:56 Y:80
11/4/2020 20:47:02 Transportó a Itaxhi hacia Mapa1 X:57 Y:85
11/4/2020 20:47:03 Transportó a Itaxhi hacia Mapa1 X:57 Y:89
11/4/2020 20:47:09 Transportó a Itaxhi hacia Mapa1 X:55 Y:86
11/4/2020 20:47:09 Transportó a Itaxhi hacia Mapa1 X:54 Y:80
11/4/2020 20:47:10 Transportó a Itaxhi hacia Mapa1 X:54 Y:72
11/4/2020 20:51:45 Se conecto con ip:181.16.46.131
11/4/2020 20:51:47 Transportó a Itaxhi hacia Mapa1 X:56 Y:64
11/4/2020 20:51:48 Transportó a Itaxhi hacia Mapa1 X:54 Y:58
11/4/2020 20:51:49 Transportó a Itaxhi hacia Mapa1 X:57 Y:51
11/4/2020 20:51:50 Transportó a Itaxhi hacia Mapa1 X:60 Y:45
11/4/2020 20:54:16 Se conecto con ip:181.16.46.131
11/4/2020 20:54:19 Transportó a Itaxhi hacia Mapa1 X:59 Y:45
11/4/2020 20:54:22 Transportó a Itaxhi hacia Mapa1 X:59 Y:46
11/4/2020 20:59:29 Se conecto con ip:181.16.46.131
11/4/2020 21:04:22 Se conecto con ip:181.16.46.131
11/4/2020 21:04:30 Transportó a Itaxhi hacia Mapa1 X:57 Y:46
11/4/2020 21:04:32 Transportó a Itaxhi hacia Mapa1 X:56 Y:47
11/4/2020 21:04:33 Transportó a Itaxhi hacia Mapa1 X:53 Y:53
11/4/2020 21:04:36 Transportó a Itaxhi hacia Mapa1 X:56 Y:54
11/4/2020 21:04:37 Transportó a Itaxhi hacia Mapa1 X:57 Y:48
11/4/2020 21:06:02 Se conecto con ip:181.16.46.131
11/4/2020 21:06:08 Transportó a Itaxhi hacia Mapa1 X:53 Y:50
11/4/2020 21:06:08 Transportó a Itaxhi hacia Mapa1 X:50 Y:53
11/4/2020 21:06:09 Transportó a Itaxhi hacia Mapa1 X:55 Y:53
11/4/2020 21:06:09 Transportó a Itaxhi hacia Mapa1 X:57 Y:49
11/4/2020 21:06:10 Transportó a Itaxhi hacia Mapa1 X:57 Y:46
11/4/2020 21:08:15 Se conecto con ip:181.16.46.131
11/4/2020 21:08:19 Transportó a Itaxhi hacia Mapa1 X:58 Y:47
11/4/2020 21:08:20 Transportó a Itaxhi hacia Mapa1 X:56 Y:49
11/4/2020 21:08:28 Transportó a Itaxhi hacia Mapa1 X:60 Y:47
11/4/2020 21:08:30 Transportó a Itaxhi hacia Mapa1 X:60 Y:45
11/4/2020 21:08:31 Transportó a Itaxhi hacia Mapa1 X:54 Y:52
11/4/2020 21:08:33 Transportó a Itaxhi hacia Mapa1 X:57 Y:47
11/4/2020 21:10:37 Transportó a Itaxhi hacia Mapa1 X:58 Y:41
11/4/2020 21:10:38 Transportó a Itaxhi hacia Mapa1 X:58 Y:46
11/4/2020 21:20:24 Se conecto con ip:181.16.46.131
11/4/2020 21:20:34 Transportó a Itaxhi hacia Mapa1 X:58 Y:47
11/4/2020 21:20:35 Transportó a Itaxhi hacia Mapa1 X:55 Y:50
11/4/2020 21:20:35 Transportó a Itaxhi hacia Mapa1 X:54 Y:55
11/4/2020 21:33:01 Se conecto con ip:181.16.46.131
11/4/2020 21:33:11 Transportó a ITAXHI hacia Mapa1 X:54 Y:52
11/4/2020 21:35:36 Se conecto con ip:181.16.46.131
11/4/2020 23:15:53 Se conecto con ip:181.16.46.131
11/4/2020 23:24:00 Se conecto con ip:181.16.46.131
11/4/2020 23:24:13 Transportó a Itaxhi hacia Mapa1 X:62 Y:34
11/4/2020 23:24:16 Transportó a Itaxhi hacia Mapa1 X:57 Y:40
11/4/2020 23:24:17 Transportó a Itaxhi hacia Mapa1 X:56 Y:45
11/4/2020 23:24:28 Transportó a Itaxhi hacia Mapa1 X:62 Y:51
11/4/2020 23:24:29 Transportó a Itaxhi hacia Mapa1 X:62 Y:57
11/4/2020 23:24:29 Transportó a Itaxhi hacia Mapa1 X:57 Y:60
11/4/2020 23:24:29 Transportó a Itaxhi hacia Mapa1 X:51 Y:63
11/4/2020 23:24:30 Transportó a Itaxhi hacia Mapa1 X:51 Y:68
11/4/2020 23:25:08 Transportó a Itaxhi hacia Mapa1 X:56 Y:56
11/4/2020 23:25:08 Transportó a Itaxhi hacia Mapa1 X:51 Y:61
11/4/2020 23:25:09 Transportó a Itaxhi hacia Mapa1 X:48 Y:64
11/4/2020 23:25:10 Transportó a Itaxhi hacia Mapa1 X:52 Y:67
11/4/2020 23:25:11 Transportó a Itaxhi hacia Mapa1 X:54 Y:73
11/4/2020 23:25:11 Transportó a Itaxhi hacia Mapa1 X:54 Y:79
11/4/2020 23:25:12 Transportó a Itaxhi hacia Mapa1 X:55 Y:84
11/4/2020 23:25:13 Transportó a Itaxhi hacia Mapa1 X:51 Y:80
11/4/2020 23:25:13 Transportó a Itaxhi hacia Mapa1 X:44 Y:78
11/4/2020 23:25:15 Transportó a Itaxhi hacia Mapa1 X:37 Y:78
11/4/2020 23:25:15 Transportó a Itaxhi hacia Mapa1 X:30 Y:78
11/4/2020 23:25:15 Transportó a Itaxhi hacia Mapa1 X:31 Y:74
11/4/2020 23:25:16 Transportó a Itaxhi hacia Mapa1 X:34 Y:69
11/4/2020 23:25:16 Transportó a Itaxhi hacia Mapa1 X:34 Y:63
11/4/2020 23:25:46 /MOD ORO 999999  Itaxhi
11/4/2020 23:26:04 Transportó a Itaxhi hacia Mapa1 X:41 Y:59
11/4/2020 23:26:06 Transportó a Itaxhi hacia Mapa1 X:45 Y:62
11/4/2020 23:26:08 Transportó a Itaxhi hacia Mapa1 X:53 Y:65
11/4/2020 23:26:09 Transportó a Itaxhi hacia Mapa1 X:60 Y:64
11/4/2020 23:26:11 Transportó a Itaxhi hacia Mapa1 X:64 Y:58
11/4/2020 23:26:12 Transportó a Itaxhi hacia Mapa1 X:64 Y:52
11/4/2020 23:26:12 Transportó a Itaxhi hacia Mapa1 X:70 Y:49
11/4/2020 23:26:13 Transportó a Itaxhi hacia Mapa1 X:77 Y:48
11/4/2020 23:26:16 Transportó a Itaxhi hacia Mapa1 X:78 Y:54
11/4/2020 23:26:16 Transportó a Itaxhi hacia Mapa1 X:77 Y:58
11/4/2020 23:26:16 Transportó a Itaxhi hacia Mapa1 X:76 Y:62
11/4/2020 23:26:17 Transportó a Itaxhi hacia Mapa1 X:70 Y:64
11/4/2020 23:26:17 Transportó a Itaxhi hacia Mapa1 X:64 Y:63
11/4/2020 23:26:17 Transportó a Itaxhi hacia Mapa1 X:59 Y:60
11/4/2020 23:26:18 Transportó a Itaxhi hacia Mapa1 X:55 Y:55
11/4/2020 23:26:18 Transportó a Itaxhi hacia Mapa1 X:52 Y:51
11/4/2020 23:26:18 Transportó a Itaxhi hacia Mapa1 X:50 Y:46
11/4/2020 23:26:18 Transportó a Itaxhi hacia Mapa1 X:48 Y:40
11/4/2020 23:26:19 Transportó a Itaxhi hacia Mapa1 X:45 Y:39
11/4/2020 23:26:19 Transportó a Itaxhi hacia Mapa1 X:48 Y:35
11/4/2020 23:26:20 Transportó a Itaxhi hacia Mapa1 X:50 Y:31
11/4/2020 23:26:20 Transportó a Itaxhi hacia Mapa1 X:51 Y:35
11/4/2020 23:26:21 Transportó a Itaxhi hacia Mapa1 X:51 Y:40
11/4/2020 23:26:31 Transportó a Itaxhi hacia Mapa1 X:57 Y:47
11/4/2020 23:26:31 Transportó a Itaxhi hacia Mapa1 X:62 Y:44
11/4/2020 23:26:37 Transportó a Itaxhi hacia Mapa1 X:58 Y:46
11/4/2020 23:26:37 Transportó a Itaxhi hacia Mapa1 X:55 Y:39
11/4/2020 23:26:38 Transportó a Itaxhi hacia Mapa1 X:54 Y:34
11/4/2020 23:26:41 Transportó a Itaxhi hacia Mapa1 X:46 Y:33
11/4/2020 23:26:41 Transportó a Itaxhi hacia Mapa1 X:41 Y:34
11/4/2020 23:26:42 Transportó a Itaxhi hacia Mapa1 X:37 Y:37
11/4/2020 23:26:42 Transportó a Itaxhi hacia Mapa1 X:34 Y:41
11/4/2020 23:26:43 Transportó a Itaxhi hacia Mapa1 X:35 Y:47
11/4/2020 23:26:43 Transportó a Itaxhi hacia Mapa1 X:36 Y:52
11/4/2020 23:26:47 Transportó a Itaxhi hacia Mapa1 X:44 Y:58
11/4/2020 23:26:47 Transportó a Itaxhi hacia Mapa1 X:46 Y:61
11/4/2020 23:26:50 Transportó a Itaxhi hacia Mapa1 X:43 Y:66
11/4/2020 23:26:51 Transportó a Itaxhi hacia Mapa1 X:38 Y:68
11/4/2020 23:26:51 Transportó a Itaxhi hacia Mapa1 X:32 Y:70
11/4/2020 23:26:51 Transportó a Itaxhi hacia Mapa1 X:30 Y:69
11/4/2020 23:26:52 Transportó a Itaxhi hacia Mapa1 X:32 Y:68
11/4/2020 23:26:52 Transportó a Itaxhi hacia Mapa1 X:37 Y:66
11/4/2020 23:26:54 Transportó a Itaxhi hacia Mapa1 X:41 Y:67
11/4/2020 23:26:54 Transportó a Itaxhi hacia Mapa1 X:46 Y:70
11/4/2020 23:26:54 Transportó a Itaxhi hacia Mapa1 X:53 Y:72
11/4/2020 23:26:55 Transportó a Itaxhi hacia Mapa1 X:49 Y:78
11/4/2020 23:26:56 Transportó a Itaxhi hacia Mapa1 X:44 Y:80
11/4/2020 23:27:11 Transportó a Itaxhi hacia Mapa1 X:50 Y:74
11/4/2020 23:27:12 Transportó a Itaxhi hacia Mapa1 X:56 Y:73
11/4/2020 23:27:13 Transportó a Itaxhi hacia Mapa1 X:54 Y:68
11/4/2020 23:27:14 Transportó a Itaxhi hacia Mapa1 X:49 Y:65
11/4/2020 23:27:15 Transportó a Itaxhi hacia Mapa1 X:41 Y:64
11/4/2020 23:27:16 Transportó a Itaxhi hacia Mapa1 X:36 Y:63
11/4/2020 23:27:25 Transportó a Itaxhi hacia Mapa1 X:40 Y:58
11/4/2020 23:27:27 Transportó a Itaxhi hacia Mapa1 X:48 Y:49
11/4/2020 23:27:28 Transportó a Itaxhi hacia Mapa1 X:48 Y:45
11/4/2020 23:27:29 Transportó a Itaxhi hacia Mapa1 X:50 Y:40
11/4/2020 23:27:29 Transportó a Itaxhi hacia Mapa1 X:52 Y:36
11/4/2020 23:27:30 Transportó a Itaxhi hacia Mapa1 X:56 Y:35
11/4/2020 23:27:30 Transportó a Itaxhi hacia Mapa1 X:61 Y:35
11/4/2020 23:27:31 Transportó a Itaxhi hacia Mapa1 X:66 Y:35
11/4/2020 23:27:31 Transportó a Itaxhi hacia Mapa1 X:71 Y:35
11/4/2020 23:28:06 Transportó a Itaxhi hacia Mapa1 X:67 Y:37
11/4/2020 23:28:06 Transportó a Itaxhi hacia Mapa1 X:66 Y:38
11/4/2020 23:28:06 Transportó a Itaxhi hacia Mapa1 X:61 Y:41
11/4/2020 23:28:07 Transportó a Itaxhi hacia Mapa1 X:54 Y:43
12/4/2020 01:06:59 Se conecto con ip:181.16.46.131
12/4/2020 01:07:12 Transportó a Itaxhi hacia Mapa1 X:54 Y:61
12/4/2020 01:07:12 Transportó a Itaxhi hacia Mapa1 X:54 Y:67
12/4/2020 01:07:14 Transportó a Itaxhi hacia Mapa1 X:56 Y:69
12/4/2020 01:07:14 Transportó a Itaxhi hacia Mapa1 X:61 Y:72
12/4/2020 01:07:15 Transportó a Itaxhi hacia Mapa1 X:68 Y:69
12/4/2020 01:07:16 Transportó a Itaxhi hacia Mapa1 X:70 Y:65
12/4/2020 01:07:16 Transportó a Itaxhi hacia Mapa1 X:70 Y:62
12/4/2020 01:07:16 Transportó a Itaxhi hacia Mapa1 X:69 Y:56
12/4/2020 01:07:17 Transportó a Itaxhi hacia Mapa1 X:70 Y:51
12/4/2020 01:07:17 Transportó a Itaxhi hacia Mapa1 X:68 Y:46
12/4/2020 01:07:18 Transportó a Itaxhi hacia Mapa1 X:68 Y:40
12/4/2020 01:07:18 Transportó a Itaxhi hacia Mapa1 X:65 Y:34
12/4/2020 01:07:19 Transportó a Itaxhi hacia Mapa1 X:64 Y:30
12/4/2020 01:07:19 Transportó a Itaxhi hacia Mapa1 X:66 Y:27
12/4/2020 01:07:20 Transportó a Itaxhi hacia Mapa1 X:63 Y:28
12/4/2020 01:27:09 Se conecto con ip:181.16.46.131
12/4/2020 01:27:13 Transportó a Itaxhi hacia Mapa1 X:56 Y:25
12/4/2020 01:27:13 Transportó a Itaxhi hacia Mapa1 X:50 Y:28
12/4/2020 01:27:13 Transportó a Itaxhi hacia Mapa1 X:46 Y:33
12/4/2020 01:27:13 Transportó a Itaxhi hacia Mapa1 X:47 Y:39
12/4/2020 01:27:14 Transportó a Itaxhi hacia Mapa1 X:49 Y:43
12/4/2020 01:27:14 Transportó a Itaxhi hacia Mapa1 X:56 Y:45
12/4/2020 01:32:40 Se conecto con ip:181.16.46.131
12/4/2020 01:49:06 Se conecto con ip:181.16.46.131
12/4/2020 01:50:11 Se conecto con ip:181.16.46.131
12/4/2020 02:53:04 Se conecto con ip:181.16.46.131
12/4/2020 02:53:07 Transportó a ITAXHI hacia Mapa1 X:56 Y:46
12/4/2020 02:53:08 Transportó a ITAXHI hacia Mapa1 X:54 Y:49
12/4/2020 02:53:08 Transportó a ITAXHI hacia Mapa1 X:50 Y:53
12/4/2020 02:53:08 Transportó a ITAXHI hacia Mapa1 X:46 Y:58
12/4/2020 02:53:09 Transportó a ITAXHI hacia Mapa1 X:54 Y:58
12/4/2020 02:53:10 Transportó a ITAXHI hacia Mapa1 X:54 Y:63
12/4/2020 02:53:10 Transportó a ITAXHI hacia Mapa1 X:53 Y:67
12/4/2020 02:53:11 Transportó a ITAXHI hacia Mapa1 X:54 Y:72
12/4/2020 02:53:14 Transportó a ITAXHI hacia Mapa1 X:56 Y:66
12/4/2020 02:53:14 Transportó a ITAXHI hacia Mapa1 X:57 Y:60
12/4/2020 02:53:15 Transportó a ITAXHI hacia Mapa1 X:58 Y:54
12/4/2020 02:53:15 Transportó a ITAXHI hacia Mapa1 X:57 Y:48
12/4/2020 02:54:11 Transportó a ITAXHI hacia Mapa1 X:53 Y:51
12/4/2020 02:54:12 Transportó a ITAXHI hacia Mapa1 X:53 Y:56
12/4/2020 02:54:29 /IRA renzo Mapa:34 X:45 Y:59
12/4/2020 02:54:45 Transportó a ITAXHI hacia Mapa34 X:49 Y:82
12/4/2020 02:54:45 Transportó a ITAXHI hacia Mapa34 X:54 Y:82
12/4/2020 02:54:46 Transportó a ITAXHI hacia Mapa34 X:55 Y:82
12/4/2020 02:54:46 Transportó a ITAXHI hacia Mapa34 X:50 Y:83
12/4/2020 02:54:46 Transportó a ITAXHI hacia Mapa34 X:43 Y:84
12/4/2020 02:54:46 Transportó a ITAXHI hacia Mapa34 X:35 Y:84
12/4/2020 02:54:47 Transportó a ITAXHI hacia Mapa34 X:29 Y:83
12/4/2020 02:54:47 Transportó a ITAXHI hacia Mapa34 X:28 Y:81
12/4/2020 02:54:47 Transportó a ITAXHI hacia Mapa34 X:30 Y:78
12/4/2020 02:54:47 Transportó a ITAXHI hacia Mapa34 X:34 Y:74
12/4/2020 02:54:47 Transportó a ITAXHI hacia Mapa34 X:39 Y:70
12/4/2020 02:54:48 Transportó a ITAXHI hacia Mapa34 X:40 Y:67
12/4/2020 02:54:48 Transportó a ITAXHI hacia Mapa34 X:37 Y:64
12/4/2020 02:54:48 Transportó a ITAXHI hacia Mapa34 X:32 Y:61
12/4/2020 02:54:48 Transportó a ITAXHI hacia Mapa34 X:28 Y:64
12/4/2020 02:54:49 Transportó a ITAXHI hacia Mapa34 X:29 Y:69
12/4/2020 02:54:57 Transportó a ITAXHI hacia Mapa34 X:28 Y:75
12/4/2020 02:54:58 Transportó a ITAXHI hacia Mapa34 X:22 Y:74
12/4/2020 02:54:59 Transportó a ITAXHI hacia Mapa34 X:18 Y:72
12/4/2020 02:57:26 Se conecto con ip:181.16.46.131
12/4/2020 02:57:33 Transportó a Itaxhi hacia Mapa34 X:32 Y:64
12/4/2020 02:57:33 Transportó a Itaxhi hacia Mapa34 X:30 Y:59
12/4/2020 02:57:34 Transportó a Itaxhi hacia Mapa34 X:25 Y:57
12/4/2020 02:57:34 Transportó a Itaxhi hacia Mapa34 X:20 Y:53
12/4/2020 02:57:35 Transportó a Itaxhi hacia Mapa34 X:18 Y:49
12/4/2020 02:57:38 Transportó a Itaxhi hacia Mapa1 X:50 Y:50
12/4/2020 03:01:33 Transportó a Itaxhi hacia Mapa1 X:58 Y:46
12/4/2020 03:15:41 Se conecto con ip:181.16.46.131
12/4/2020 03:15:44 Se conecto con ip:181.16.46.131
12/4/2020 03:15:46 Se conecto con ip:181.16.46.131
12/4/2020 03:15:57 Se conecto con ip:181.16.46.131
12/4/2020 03:16:00 Se conecto con ip:181.16.46.131
