<<<<<<< HEAD
12/4/2020 18:24:40 Se conecto con ip:181.16.46.131
12/4/2020 18:24:47 Transportó a Renzo hacia Mapa1 X:60 Y:49
12/4/2020 18:24:47 Transportó a Renzo hacia Mapa1 X:54 Y:52
12/4/2020 18:24:47 Transportó a Renzo hacia Mapa1 X:53 Y:56
12/4/2020 18:24:48 Transportó a Renzo hacia Mapa1 X:56 Y:59
12/4/2020 18:24:49 Transportó a Renzo hacia Mapa1 X:59 Y:56
12/4/2020 18:24:49 Transportó a Renzo hacia Mapa1 X:59 Y:52
12/4/2020 18:24:50 Transportó a Renzo hacia Mapa1 X:58 Y:46
12/4/2020 18:24:51 Transportó a Renzo hacia Mapa1 X:56 Y:45
12/4/2020 18:24:56 Se conecto con ip:181.16.46.131
12/4/2020 18:24:58 Transportó a renzo hacia Mapa1 X:57 Y:43
12/4/2020 18:24:58 Transportó a renzo hacia Mapa1 X:61 Y:37
12/4/2020 18:24:59 Transportó a renzo hacia Mapa1 X:65 Y:31
12/4/2020 18:25:00 Transportó a renzo hacia Mapa1 X:68 Y:30
12/4/2020 18:25:00 Transportó a renzo hacia Mapa1 X:66 Y:26
12/4/2020 18:52:00 Se conecto con ip:181.16.46.131
12/4/2020 19:04:03 Se conecto con ip:181.16.46.131
12/4/2020 19:08:03 Se conecto con ip:181.16.46.131
12/4/2020 19:35:50 Se conecto con ip:181.16.46.131
12/4/2020 19:38:27 Se conecto con ip:181.16.46.131
12/4/2020 19:38:37 Transportó a Renzo hacia Mapa1 X:59 Y:44
12/4/2020 19:39:06 Se conecto con ip:181.16.46.131
12/4/2020 19:39:16 Transportó a Renzo hacia Mapa1 X:58 Y:46
12/4/2020 19:39:53 Se conecto con ip:181.16.46.131
12/4/2020 19:40:02 Transportó a Renzo hacia Mapa1 X:57 Y:48
12/4/2020 19:40:02 Transportó a Renzo hacia Mapa1 X:55 Y:53
12/4/2020 19:40:03 Transportó a Renzo hacia Mapa1 X:53 Y:58
12/4/2020 19:40:03 Transportó a Renzo hacia Mapa1 X:52 Y:64
12/4/2020 19:40:03 Transportó a Renzo hacia Mapa1 X:52 Y:70
12/4/2020 19:40:04 Transportó a Renzo hacia Mapa1 X:52 Y:77
12/4/2020 19:40:08 Transportó a Renzo hacia Mapa1 X:59 Y:73
12/4/2020 19:40:08 Transportó a Renzo hacia Mapa1 X:66 Y:73
12/4/2020 19:40:28 Transportó a Renzo hacia Mapa1 X:70 Y:63
12/4/2020 19:40:29 Transportó a Renzo hacia Mapa1 X:68 Y:57
12/4/2020 19:40:29 Transportó a Renzo hacia Mapa1 X:66 Y:50
12/4/2020 19:40:29 Transportó a Renzo hacia Mapa1 X:66 Y:44
12/4/2020 19:40:30 Transportó a Renzo hacia Mapa1 X:62 Y:42
12/4/2020 19:40:30 Transportó a Renzo hacia Mapa1 X:57 Y:43
12/4/2020 19:43:33 Se conecto con ip:181.16.46.131
=======
11/4/2020 17:05:12 Se conecto con ip:190.7.240.54
11/4/2020 17:05:15 Transportó a Renzo hacia Mapa1 X:64 Y:34
11/4/2020 17:05:16 Transportó a Renzo hacia Mapa1 X:66 Y:31
11/4/2020 17:05:16 Transportó a Renzo hacia Mapa1 X:62 Y:28
11/4/2020 17:05:16 Transportó a Renzo hacia Mapa1 X:59 Y:25
11/4/2020 17:05:16 Transportó a Renzo hacia Mapa1 X:60 Y:21
11/4/2020 17:05:16 Transportó a Renzo hacia Mapa1 X:57 Y:20
11/4/2020 17:05:17 Transportó a Renzo hacia Mapa1 X:55 Y:22
11/4/2020 17:05:17 Transportó a Renzo hacia Mapa1 X:55 Y:23
11/4/2020 17:05:17 Transportó a Renzo hacia Mapa1 X:56 Y:26
11/4/2020 17:05:17 Transportó a Renzo hacia Mapa1 X:55 Y:30
11/4/2020 17:05:17 Transportó a Renzo hacia Mapa1 X:53 Y:34
11/4/2020 17:05:18 Transportó a Renzo hacia Mapa1 X:53 Y:37
11/4/2020 17:05:21 Transportó a Renzo hacia Mapa1 X:53 Y:39
11/4/2020 17:05:23 Transportó a Renzo hacia Mapa1 X:54 Y:36
11/4/2020 17:05:25 Transportó a Renzo hacia Mapa1 X:58 Y:35
11/4/2020 17:05:35 Transportó a Renzo hacia Mapa1 X:64 Y:35
11/4/2020 17:05:36 Transportó a Renzo hacia Mapa1 X:63 Y:37
11/4/2020 17:05:36 Transportó a Renzo hacia Mapa1 X:59 Y:40
11/4/2020 17:06:24 Transportó a gs hacia Mapa1 X:50 Y:50
11/4/2020 17:06:35 Transportó a gs hacia Mapa50 X:50 Y:50
11/4/2020 17:06:38 /IRA gs Mapa:50 X:50 Y:50
11/4/2020 17:06:49 Transportó a Renzo hacia Mapa1 X:50 Y:50
11/4/2020 17:06:51 Transportó a Renzo hacia Mapa1 X:54 Y:46
11/4/2020 17:06:56 Transportó a Renzo hacia Mapa1 X:50 Y:50
11/4/2020 17:08:53 /MOD ORO 2  Renzo
11/4/2020 17:09:03 /MOD LEVEL 2  Renzo
11/4/2020 17:09:18 /MOD EXP 2000  Renzo
11/4/2020 17:09:38 /MOD EXP 2000000  Renzo
11/4/2020 17:09:39 /MOD EXP 2000000  Renzo
11/4/2020 17:09:40 /MOD EXP 2000000  Renzo
11/4/2020 17:09:42 /MOD EXP 2000000  Renzo
11/4/2020 17:09:43 /MOD EXP 2000000  Renzo
11/4/2020 17:09:43 /MOD EXP 2000000  Renzo
11/4/2020 17:09:44 /MOD EXP 2000000  Renzo
11/4/2020 17:09:45 /MOD EXP 2000000  Renzo
11/4/2020 17:09:45 /MOD EXP 2000000  Renzo
11/4/2020 17:09:46 /MOD EXP 2000000  Renzo
11/4/2020 17:09:46 /MOD EXP 2000000  Renzo
11/4/2020 17:09:46 /MOD EXP 2000000  Renzo
11/4/2020 17:09:47 /MOD EXP 2000000  Renzo
11/4/2020 17:09:47 /MOD EXP 2000000  Renzo
11/4/2020 17:09:47 /MOD EXP 2000000  Renzo
11/4/2020 17:09:48 /MOD EXP 2000000  Renzo
11/4/2020 17:09:48 /MOD EXP 2000000  Renzo
11/4/2020 17:09:48 /MOD EXP 2000000  Renzo
11/4/2020 17:09:48 /MOD EXP 2000000  Renzo
11/4/2020 17:09:49 /MOD EXP 2000000  Renzo
11/4/2020 17:09:49 /MOD EXP 2000000  Renzo
11/4/2020 17:09:49 /MOD EXP 2000000  Renzo
11/4/2020 17:09:50 /MOD EXP 2000000  Renzo
11/4/2020 17:09:50 /MOD EXP 2000000  Renzo
11/4/2020 17:09:50 /MOD EXP 2000000  Renzo
11/4/2020 17:09:50 /MOD EXP 2000000  Renzo
11/4/2020 17:09:51 /MOD EXP 2000000  Renzo
11/4/2020 17:09:51 /MOD EXP 2000000  Renzo
11/4/2020 17:09:51 /MOD EXP 2000000  Renzo
11/4/2020 17:09:51 /MOD EXP 2000000  Renzo
11/4/2020 17:09:52 /MOD EXP 2000000  Renzo
11/4/2020 17:09:52 /MOD EXP 2000000  Renzo
11/4/2020 17:09:52 /MOD EXP 2000000  Renzo
11/4/2020 17:09:52 /MOD EXP 2000000  Renzo
11/4/2020 17:09:53 /MOD EXP 2000000  Renzo
11/4/2020 17:09:53 /MOD EXP 2000000  Renzo
11/4/2020 17:09:53 /MOD EXP 2000000  Renzo
11/4/2020 17:09:53 /MOD EXP 2000000  Renzo
11/4/2020 17:09:54 /MOD EXP 2000000  Renzo
11/4/2020 17:09:54 /MOD EXP 2000000  Renzo
11/4/2020 17:09:54 /MOD EXP 2000000  Renzo
11/4/2020 17:09:54 /MOD EXP 2000000  Renzo
11/4/2020 17:09:54 /MOD EXP 2000000  Renzo
11/4/2020 17:09:55 /MOD EXP 2000000  Renzo
11/4/2020 17:09:55 /MOD EXP 2000000  Renzo
11/4/2020 17:09:55 /MOD EXP 2000000  Renzo
11/4/2020 17:09:55 /MOD EXP 2000000  Renzo
11/4/2020 17:09:55 /MOD EXP 2000000  Renzo
11/4/2020 17:09:56 /MOD EXP 2000000  Renzo
11/4/2020 17:09:56 /MOD EXP 2000000  Renzo
11/4/2020 17:09:56 /MOD EXP 2000000  Renzo
11/4/2020 17:09:56 /MOD EXP 2000000  Renzo
11/4/2020 17:09:56 /MOD EXP 2000000  Renzo
11/4/2020 17:09:57 /MOD EXP 2000000  Renzo
11/4/2020 17:09:57 /MOD EXP 2000000  Renzo
11/4/2020 17:09:57 /MOD EXP 2000000  Renzo
11/4/2020 17:09:57 /MOD EXP 2000000  Renzo
11/4/2020 17:09:57 /MOD EXP 2000000  Renzo
11/4/2020 17:09:58 /MOD EXP 2000000  Renzo
11/4/2020 17:09:58 /MOD EXP 2000000  Renzo
11/4/2020 17:09:58 /MOD EXP 2000000  Renzo
11/4/2020 17:09:58 /MOD EXP 2000000  Renzo
11/4/2020 17:09:59 /MOD EXP 2000000  Renzo
11/4/2020 17:09:59 /MOD EXP 2000000  Renzo
11/4/2020 17:09:59 /MOD EXP 2000000  Renzo
11/4/2020 17:09:59 /MOD EXP 2000000  Renzo
11/4/2020 17:09:59 /MOD EXP 2000000  Renzo
11/4/2020 17:09:59 /MOD EXP 2000000  Renzo
11/4/2020 17:10:00 /MOD EXP 2000000  Renzo
11/4/2020 17:10:00 /MOD EXP 2000000  Renzo
11/4/2020 17:10:00 /MOD EXP 2000000  Renzo
11/4/2020 17:10:00 /MOD EXP 2000000  Renzo
11/4/2020 17:10:00 /MOD EXP 2000000  Renzo
11/4/2020 17:10:01 /MOD EXP 2000000  Renzo
11/4/2020 17:10:01 /MOD EXP 2000000  Renzo
11/4/2020 17:10:01 /MOD EXP 2000000  Renzo
11/4/2020 17:10:01 /MOD EXP 2000000  Renzo
11/4/2020 17:10:02 /MOD EXP 2000000  Renzo
11/4/2020 17:10:03 /MOD EXP 2000000  Renzo
11/4/2020 17:10:03 /MOD EXP 2000000  Renzo
11/4/2020 17:10:04 /MOD EXP 2000000  Renzo
11/4/2020 17:10:04 /MOD EXP 2000000  Renzo
11/4/2020 17:10:04 /MOD EXP 2000000  Renzo
11/4/2020 17:10:04 /MOD EXP 2000000  Renzo
11/4/2020 17:10:04 /MOD EXP 2000000  Renzo
11/4/2020 17:10:05 /MOD EXP 2000000  Renzo
11/4/2020 17:10:05 /MOD EXP 2000000  Renzo
11/4/2020 17:10:05 /MOD EXP 2000000  Renzo
11/4/2020 17:10:05 /MOD EXP 2000000  Renzo
11/4/2020 17:10:06 /MOD EXP 2000000  Renzo
11/4/2020 17:10:06 /MOD EXP 2000000  Renzo
11/4/2020 17:10:06 /MOD EXP 2000000  Renzo
11/4/2020 17:10:06 /MOD EXP 2000000  Renzo
11/4/2020 17:10:06 /MOD EXP 2000000  Renzo
11/4/2020 17:10:07 /MOD EXP 2000000  Renzo
11/4/2020 17:10:07 /MOD EXP 2000000  Renzo
11/4/2020 17:10:07 /MOD EXP 2000000  Renzo
11/4/2020 17:10:07 /MOD EXP 2000000  Renzo
11/4/2020 17:10:07 /MOD EXP 2000000  Renzo
11/4/2020 17:10:08 /MOD EXP 2000000  Renzo
11/4/2020 17:10:08 /MOD EXP 2000000  Renzo
11/4/2020 17:10:08 /MOD EXP 2000000  Renzo
11/4/2020 17:10:08 /MOD EXP 2000000  Renzo
11/4/2020 17:10:09 /MOD EXP 2000000  Renzo
11/4/2020 17:10:09 /MOD EXP 2000000  Renzo
11/4/2020 17:10:09 /MOD EXP 2000000  Renzo
11/4/2020 17:10:09 /MOD EXP 2000000  Renzo
11/4/2020 17:10:10 /MOD EXP 2000000  Renzo
11/4/2020 17:10:10 /MOD EXP 2000000  Renzo
11/4/2020 17:10:10 /MOD EXP 2000000  Renzo
11/4/2020 17:10:10 /MOD EXP 2000000  Renzo
11/4/2020 17:10:11 /MOD EXP 2000000  Renzo
11/4/2020 17:10:11 /MOD EXP 2000000  Renzo
11/4/2020 17:10:11 /MOD EXP 2000000  Renzo
11/4/2020 17:10:11 /MOD EXP 2000000  Renzo
11/4/2020 17:10:11 /MOD EXP 2000000  Renzo
11/4/2020 17:10:11 /MOD EXP 2000000  Renzo
11/4/2020 17:10:12 /MOD EXP 2000000  Renzo
11/4/2020 17:10:12 /MOD EXP 2000000  Renzo
11/4/2020 17:10:12 /MOD EXP 2000000  Renzo
11/4/2020 17:10:12 /MOD EXP 2000000  Renzo
11/4/2020 17:10:12 /MOD EXP 2000000  Renzo
11/4/2020 17:10:13 /MOD EXP 2000000  Renzo
11/4/2020 17:10:13 /MOD EXP 2000000  Renzo
11/4/2020 17:10:13 /MOD EXP 2000000  Renzo
11/4/2020 17:10:13 /MOD EXP 2000000  Renzo
11/4/2020 17:10:13 /MOD EXP 2000000  Renzo
11/4/2020 17:10:13 /MOD EXP 2000000  Renzo
11/4/2020 17:10:14 /MOD EXP 2000000  Renzo
11/4/2020 17:10:22 /MOD EXP 20000000  Renzo
11/4/2020 17:10:22 /MOD EXP 20000000  Renzo
11/4/2020 17:10:22 /MOD EXP 20000000  Renzo
11/4/2020 17:10:23 /MOD EXP 20000000  Renzo
11/4/2020 17:10:23 /MOD EXP 20000000  Renzo
11/4/2020 17:10:23 /MOD EXP 20000000  Renzo
11/4/2020 17:10:23 /MOD EXP 20000000  Renzo
11/4/2020 17:10:24 /MOD EXP 20000000  Renzo
11/4/2020 17:10:24 /MOD EXP 20000000  Renzo
11/4/2020 17:10:24 /MOD EXP 20000000  Renzo
11/4/2020 17:10:24 /MOD EXP 20000000  Renzo
11/4/2020 17:10:24 /MOD EXP 20000000  Renzo
11/4/2020 17:10:24 /MOD EXP 20000000  Renzo
11/4/2020 17:10:25 /MOD EXP 20000000  Renzo
11/4/2020 17:10:25 /MOD EXP 20000000  Renzo
11/4/2020 17:10:25 /MOD EXP 20000000  Renzo
11/4/2020 17:10:25 /MOD EXP 20000000  Renzo
11/4/2020 17:10:25 /MOD EXP 20000000  Renzo
11/4/2020 17:10:26 /MOD EXP 20000000  Renzo
11/4/2020 17:10:26 /MOD EXP 20000000  Renzo
11/4/2020 17:10:26 /MOD EXP 20000000  Renzo
11/4/2020 17:10:26 /MOD EXP 20000000  Renzo
11/4/2020 17:10:26 /MOD EXP 20000000  Renzo
11/4/2020 17:10:27 /MOD EXP 20000000  Renzo
11/4/2020 17:10:27 /MOD EXP 20000000  Renzo
11/4/2020 17:10:27 /MOD EXP 20000000  Renzo
11/4/2020 17:10:27 /MOD EXP 20000000  Renzo
11/4/2020 17:10:27 /MOD EXP 20000000  Renzo
11/4/2020 17:10:28 /MOD EXP 20000000  Renzo
11/4/2020 17:10:28 /MOD EXP 20000000  Renzo
11/4/2020 17:10:28 /MOD EXP 20000000  Renzo
11/4/2020 17:10:28 /MOD EXP 20000000  Renzo
11/4/2020 17:10:29 /MOD EXP 20000000  Renzo
11/4/2020 17:10:29 /MOD EXP 20000000  Renzo
11/4/2020 17:10:29 /MOD EXP 20000000  Renzo
11/4/2020 17:10:29 /MOD EXP 20000000  Renzo
11/4/2020 17:10:30 /MOD EXP 20000000  Renzo
11/4/2020 17:10:30 /MOD EXP 20000000  Renzo
11/4/2020 17:10:30 /MOD EXP 20000000  Renzo
11/4/2020 17:10:30 /MOD EXP 20000000  Renzo
11/4/2020 17:10:31 /MOD EXP 20000000  Renzo
11/4/2020 17:10:31 /MOD EXP 20000000  Renzo
11/4/2020 17:10:31 /MOD EXP 20000000  Renzo
11/4/2020 17:10:31 /MOD EXP 20000000  Renzo
11/4/2020 17:10:31 /MOD EXP 20000000  Renzo
11/4/2020 17:10:32 /MOD EXP 20000000  Renzo
11/4/2020 17:10:32 /MOD EXP 20000000  Renzo
11/4/2020 17:10:32 /MOD EXP 20000000  Renzo
11/4/2020 17:10:32 /MOD EXP 20000000  Renzo
11/4/2020 17:10:32 /MOD EXP 20000000  Renzo
11/4/2020 17:10:33 /MOD EXP 20000000  Renzo
11/4/2020 17:10:33 /MOD EXP 20000000  Renzo
11/4/2020 17:10:33 /MOD EXP 20000000  Renzo
11/4/2020 17:10:33 /MOD EXP 20000000  Renzo
11/4/2020 17:10:33 /MOD EXP 20000000  Renzo
11/4/2020 17:10:34 /MOD EXP 20000000  Renzo
11/4/2020 17:10:34 /MOD EXP 20000000  Renzo
11/4/2020 17:10:34 /MOD EXP 20000000  Renzo
11/4/2020 17:10:34 /MOD EXP 20000000  Renzo
11/4/2020 17:10:34 /MOD EXP 20000000  Renzo
11/4/2020 17:10:35 /MOD EXP 20000000  Renzo
11/4/2020 17:10:35 /MOD EXP 20000000  Renzo
11/4/2020 17:10:35 /MOD EXP 20000000  Renzo
11/4/2020 17:10:35 /MOD EXP 20000000  Renzo
11/4/2020 17:10:35 /MOD EXP 20000000  Renzo
11/4/2020 17:10:36 /MOD EXP 20000000  Renzo
11/4/2020 17:10:36 /MOD EXP 20000000  Renzo
11/4/2020 17:10:36 /MOD EXP 20000000  Renzo
11/4/2020 17:10:36 /MOD EXP 20000000  Renzo
11/4/2020 17:10:37 /MOD EXP 20000000  Renzo
11/4/2020 17:10:37 /MOD EXP 20000000  Renzo
11/4/2020 17:10:37 /MOD EXP 20000000  Renzo
11/4/2020 17:10:37 /MOD EXP 20000000  Renzo
11/4/2020 17:10:37 /MOD EXP 20000000  Renzo
11/4/2020 17:10:38 /MOD EXP 20000000  Renzo
11/4/2020 17:10:38 /MOD EXP 20000000  Renzo
11/4/2020 17:10:38 /MOD EXP 20000000  Renzo
11/4/2020 17:10:39 /MOD EXP 20000000  Renzo
11/4/2020 17:10:39 /MOD EXP 20000000  Renzo
11/4/2020 17:10:39 /MOD EXP 20000000  Renzo
11/4/2020 17:10:40 /MOD EXP 20000000  Renzo
11/4/2020 17:10:40 /MOD EXP 20000000  Renzo
11/4/2020 17:10:40 /MOD EXP 20000000  Renzo
11/4/2020 17:10:40 /MOD EXP 20000000  Renzo
11/4/2020 17:10:41 /MOD EXP 20000000  Renzo
11/4/2020 17:10:41 /MOD EXP 20000000  Renzo
11/4/2020 17:10:41 /MOD EXP 20000000  Renzo
11/4/2020 17:10:41 /MOD EXP 20000000  Renzo
11/4/2020 17:10:41 /MOD EXP 20000000  Renzo
11/4/2020 17:10:42 /MOD EXP 20000000  Renzo
11/4/2020 17:10:42 /MOD EXP 20000000  Renzo
11/4/2020 17:10:42 /MOD EXP 20000000  Renzo
11/4/2020 17:10:42 /MOD EXP 20000000  Renzo
11/4/2020 17:10:43 /MOD EXP 20000000  Renzo
11/4/2020 17:10:43 /MOD EXP 20000000  Renzo
11/4/2020 17:10:43 /MOD EXP 20000000  Renzo
11/4/2020 17:10:43 /MOD EXP 20000000  Renzo
11/4/2020 17:10:43 /MOD EXP 20000000  Renzo
11/4/2020 17:10:44 /MOD EXP 20000000  Renzo
11/4/2020 17:10:44 /MOD EXP 20000000  Renzo
11/4/2020 17:10:44 /MOD EXP 20000000  Renzo
11/4/2020 17:10:44 /MOD EXP 20000000  Renzo
11/4/2020 17:10:45 /MOD EXP 20000000  Renzo
11/4/2020 17:10:45 /MOD EXP 20000000  Renzo
11/4/2020 17:10:45 /MOD EXP 20000000  Renzo
11/4/2020 17:10:45 /MOD EXP 20000000  Renzo
11/4/2020 17:10:46 /MOD EXP 20000000  Renzo
11/4/2020 17:10:46 /MOD EXP 20000000  Renzo
11/4/2020 17:10:46 /MOD EXP 20000000  Renzo
11/4/2020 17:10:46 /MOD EXP 20000000  Renzo
11/4/2020 17:10:47 /MOD EXP 20000000  Renzo
11/4/2020 17:10:47 /MOD EXP 20000000  Renzo
11/4/2020 17:10:47 /MOD EXP 20000000  Renzo
11/4/2020 17:10:47 /MOD EXP 20000000  Renzo
11/4/2020 17:10:47 /MOD EXP 20000000  Renzo
11/4/2020 17:10:48 /MOD EXP 20000000  Renzo
11/4/2020 17:10:48 /MOD EXP 20000000  Renzo
11/4/2020 17:10:48 /MOD EXP 20000000  Renzo
11/4/2020 17:10:49 /MOD EXP 20000000  Renzo
11/4/2020 17:10:49 /MOD EXP 20000000  Renzo
11/4/2020 17:10:49 /MOD EXP 20000000  Renzo
11/4/2020 17:10:49 /MOD EXP 20000000  Renzo
11/4/2020 17:10:49 /MOD EXP 20000000  Renzo
11/4/2020 17:10:50 /MOD EXP 20000000  Renzo
11/4/2020 17:10:50 /MOD EXP 20000000  Renzo
11/4/2020 17:10:50 /MOD EXP 20000000  Renzo
11/4/2020 17:10:50 /MOD EXP 20000000  Renzo
11/4/2020 17:10:51 /MOD EXP 20000000  Renzo
11/4/2020 17:10:51 /MOD EXP 20000000  Renzo
11/4/2020 17:10:51 /MOD EXP 20000000  Renzo
11/4/2020 17:10:51 /MOD EXP 20000000  Renzo
11/4/2020 17:10:52 /MOD EXP 20000000  Renzo
11/4/2020 17:10:52 /MOD EXP 20000000  Renzo
11/4/2020 17:10:52 /MOD EXP 20000000  Renzo
11/4/2020 17:10:52 /MOD EXP 20000000  Renzo
11/4/2020 17:10:52 /MOD EXP 20000000  Renzo
11/4/2020 17:10:53 /MOD EXP 20000000  Renzo
11/4/2020 17:10:53 /MOD EXP 20000000  Renzo
11/4/2020 17:10:53 /MOD EXP 20000000  Renzo
11/4/2020 17:10:53 /MOD EXP 20000000  Renzo
11/4/2020 17:10:53 /MOD EXP 20000000  Renzo
11/4/2020 17:10:53 /MOD EXP 20000000  Renzo
11/4/2020 17:10:53 /MOD EXP 20000000  Renzo
11/4/2020 17:10:54 /MOD EXP 20000000  Renzo
11/4/2020 17:10:54 /MOD EXP 20000000  Renzo
11/4/2020 17:10:54 /MOD EXP 20000000  Renzo
11/4/2020 17:10:54 /MOD EXP 20000000  Renzo
11/4/2020 17:10:54 /MOD EXP 20000000  Renzo
11/4/2020 17:10:55 /MOD EXP 20000000  Renzo
11/4/2020 17:10:55 /MOD EXP 20000000  Renzo
11/4/2020 17:10:55 /MOD EXP 20000000  Renzo
11/4/2020 17:10:55 /MOD EXP 20000000  Renzo
11/4/2020 17:10:55 /MOD EXP 20000000  Renzo
11/4/2020 17:10:55 /MOD EXP 20000000  Renzo
11/4/2020 17:10:56 /MOD EXP 20000000  Renzo
11/4/2020 17:11:06 /MOD EXP 20000000  Renzo
11/4/2020 17:11:06 /MOD EXP 20000000  Renzo
11/4/2020 17:11:06 /MOD EXP 20000000  Renzo
11/4/2020 17:11:07 /MOD EXP 20000000  Renzo
11/4/2020 17:11:07 /MOD EXP 20000000  Renzo
11/4/2020 17:11:07 /MOD EXP 20000000  Renzo
11/4/2020 17:11:07 /MOD EXP 20000000  Renzo
11/4/2020 17:11:07 /MOD EXP 20000000  Renzo
11/4/2020 17:11:07 /MOD EXP 20000000  Renzo
11/4/2020 17:11:07 /MOD EXP 20000000  Renzo
11/4/2020 17:11:08 /MOD EXP 20000000  Renzo
11/4/2020 17:11:08 /MOD EXP 20000000  Renzo
11/4/2020 17:11:08 /MOD EXP 20000000  Renzo
11/4/2020 17:11:08 /MOD EXP 20000000  Renzo
11/4/2020 17:11:08 /MOD EXP 20000000  Renzo
11/4/2020 17:11:08 /MOD EXP 20000000  Renzo
11/4/2020 17:11:08 /MOD EXP 20000000  Renzo
11/4/2020 17:11:08 /MOD EXP 20000000  Renzo
11/4/2020 17:11:08 /MOD EXP 20000000  Renzo
11/4/2020 17:11:08 /MOD EXP 20000000  Renzo
11/4/2020 17:11:08 /MOD EXP 20000000  Renzo
11/4/2020 17:11:09 /MOD EXP 20000000  Renzo
11/4/2020 17:11:09 /MOD EXP 20000000  Renzo
11/4/2020 17:11:09 /MOD EXP 20000000  Renzo
11/4/2020 17:11:09 /MOD EXP 20000000  Renzo
11/4/2020 17:11:09 /MOD EXP 20000000  Renzo
11/4/2020 17:11:09 /MOD EXP 20000000  Renzo
11/4/2020 17:11:09 /MOD EXP 20000000  Renzo
11/4/2020 17:11:09 /MOD EXP 20000000  Renzo
11/4/2020 17:11:10 /MOD EXP 20000000  Renzo
11/4/2020 17:11:10 /MOD EXP 20000000  Renzo
11/4/2020 17:11:10 /MOD EXP 20000000  Renzo
11/4/2020 17:11:10 /MOD EXP 20000000  Renzo
11/4/2020 17:11:10 /MOD EXP 20000000  Renzo
11/4/2020 17:11:10 /MOD EXP 20000000  Renzo
11/4/2020 17:11:10 /MOD EXP 20000000  Renzo
11/4/2020 17:11:10 /MOD EXP 20000000  Renzo
11/4/2020 17:11:10 /MOD EXP 20000000  Renzo
11/4/2020 17:11:11 /MOD EXP 20000000  Renzo
11/4/2020 17:11:11 /MOD EXP 20000000  Renzo
11/4/2020 17:11:11 /MOD EXP 20000000  Renzo
11/4/2020 17:11:11 /MOD EXP 20000000  Renzo
11/4/2020 17:11:11 /MOD EXP 20000000  Renzo
11/4/2020 17:11:11 /MOD EXP 20000000  Renzo
11/4/2020 17:11:11 /MOD EXP 20000000  Renzo
11/4/2020 17:11:12 /MOD EXP 20000000  Renzo
11/4/2020 17:11:12 /MOD EXP 20000000  Renzo
11/4/2020 17:11:12 /MOD EXP 20000000  Renzo
11/4/2020 17:11:12 /MOD EXP 20000000  Renzo
11/4/2020 17:11:12 /MOD EXP 20000000  Renzo
11/4/2020 17:11:27 Transportó a Renzo hacia Mapa1 X:63 Y:41
11/4/2020 17:11:27 Transportó a Renzo hacia Mapa1 X:64 Y:39
11/4/2020 17:11:28 Transportó a Renzo hacia Mapa1 X:62 Y:36
11/4/2020 17:11:28 Transportó a Renzo hacia Mapa1 X:63 Y:33
11/4/2020 17:11:29 Transportó a Renzo hacia Mapa1 X:61 Y:28
11/4/2020 17:11:30 Transportó a Renzo hacia Mapa1 X:60 Y:21
11/4/2020 17:11:32 Transportó a Renzo hacia Mapa1 X:63 Y:25
11/4/2020 17:11:32 Transportó a Renzo hacia Mapa1 X:63 Y:25
11/4/2020 17:11:33 Transportó a Renzo hacia Mapa1 X:64 Y:29
11/4/2020 17:11:33 Transportó a Renzo hacia Mapa1 X:65 Y:33
11/4/2020 17:11:33 Transportó a Renzo hacia Mapa1 X:64 Y:37
11/4/2020 17:12:19 Transportó a Renzo hacia Mapa1 X:62 Y:41
11/4/2020 17:14:21 Renzo ha borrado los SOS.
11/4/2020 17:14:45 Transportó a Renzo hacia Mapa1 X:58 Y:40
11/4/2020 17:14:47 Transportó a Renzo hacia Mapa1 X:60 Y:42
11/4/2020 17:15:51 Agarro:1 Objeto:Vara de Fresno
11/4/2020 17:15:54 Transportó a Renzo hacia Mapa1 X:59 Y:51
11/4/2020 17:15:55 Transportó a Renzo hacia Mapa1 X:60 Y:55
11/4/2020 17:15:55 Transportó a Renzo hacia Mapa1 X:60 Y:55
11/4/2020 17:15:55 Transportó a Renzo hacia Mapa1 X:60 Y:59
11/4/2020 17:15:56 Transportó a Renzo hacia Mapa1 X:60 Y:64
11/4/2020 17:15:56 Transportó a Renzo hacia Mapa1 X:60 Y:64
11/4/2020 17:15:56 Transportó a Renzo hacia Mapa1 X:60 Y:69
11/4/2020 17:15:57 Transportó a Renzo hacia Mapa1 X:61 Y:73
11/4/2020 17:15:57 Transportó a Renzo hacia Mapa1 X:63 Y:78
11/4/2020 17:15:58 Transportó a Renzo hacia Mapa1 X:63 Y:83
11/4/2020 17:15:58 Transportó a Renzo hacia Mapa1 X:64 Y:88
11/4/2020 17:15:58 Transportó a Renzo hacia Mapa1 X:65 Y:93
11/4/2020 17:15:59 Transportó a Renzo hacia Mapa1 X:60 Y:94
11/4/2020 17:16:02 /MOD EXP 20000000  Renzo
11/4/2020 17:16:03 Tiró cantidad:1 Objeto:Vara de Fresno
11/4/2020 17:16:55 Se conecto con ip:190.7.240.54
11/4/2020 17:16:58 Transportó a Renzo hacia Mapa1 X:60 Y:71
11/4/2020 17:16:59 Transportó a Renzo hacia Mapa1 X:56 Y:72
11/4/2020 17:17:02 Transportó a Renzo hacia Mapa1 X:54 Y:72
11/4/2020 17:17:13 Transportó a Renzo hacia Mapa1 X:54 Y:70
11/4/2020 17:17:15 Transportó a Renzo hacia Mapa1 X:53 Y:72
11/4/2020 17:17:15 Transportó a Renzo hacia Mapa1 X:53 Y:72
11/4/2020 17:17:15 Transportó a Renzo hacia Mapa1 X:53 Y:75
11/4/2020 17:19:08 /IRA renzo Mapa:1 X:53 Y:76
11/4/2020 17:19:14 /IRA itaxhi Mapa:1 X:50 Y:79
11/4/2020 17:19:25 Transportó a Renzo hacia Mapa1 X:44 Y:77
11/4/2020 17:19:28 Transportó a Renzo hacia Mapa1 X:52 Y:76
11/4/2020 17:23:53 Se conecto con ip:190.7.240.54
11/4/2020 17:24:10 Se conecto con ip:190.7.240.54
11/4/2020 17:24:21 Se conecto con ip:190.7.240.54
11/4/2020 17:24:38 /MOD LEVEL 50  itaxhi
11/4/2020 17:24:45 /MOD SKILLS 100  itaxhi
11/4/2020 17:25:21 /MOD SKILLS liderazgo 100 itaxhi
11/4/2020 17:25:50 Transportó a Renzo hacia Mapa1 X:49 Y:75
11/4/2020 17:25:56 Transportó a Renzo hacia Mapa1 X:54 Y:82
11/4/2020 20:04:17 Se conecto con ip:190.7.240.54
11/4/2020 20:04:18 Se conecto con ip:190.7.240.54
11/4/2020 20:11:29 Se conecto con ip:190.7.240.54
11/4/2020 20:12:06 Se conecto con ip:190.7.240.54
11/4/2020 20:12:12 Transportó a RENZO hacia Mapa34 X:43 Y:81
11/4/2020 20:12:18 Transportó a RENZO hacia Mapa34 X:35 Y:79
11/4/2020 20:12:27 Transportó a RENZO hacia Mapa34 X:29 Y:63
11/4/2020 20:12:42 Transportó a RENZO hacia Mapa34 X:18 Y:57
11/4/2020 20:12:47 Transportó a RENZO hacia Mapa34 X:18 Y:51
11/4/2020 20:13:17 Transportó a RENZO hacia Mapa34 X:27 Y:52
11/4/2020 20:13:17 Transportó a RENZO hacia Mapa34 X:27 Y:52
11/4/2020 20:13:17 Transportó a RENZO hacia Mapa34 X:33 Y:53
11/4/2020 20:13:18 Transportó a RENZO hacia Mapa34 X:33 Y:53
11/4/2020 20:13:19 Transportó a RENZO hacia Mapa34 X:37 Y:55
11/4/2020 20:13:27 Transportó a RENZO hacia Mapa34 X:47 Y:61
11/4/2020 20:13:29 Transportó a RENZO hacia Mapa34 X:53 Y:65
11/4/2020 20:16:08 Se conecto con ip:190.7.240.54
11/4/2020 20:16:42 Transportó a Renzo hacia Mapa34 X:58 Y:58
11/4/2020 20:16:43 Transportó a Renzo hacia Mapa34 X:58 Y:52
11/4/2020 20:16:46 Transportó a Renzo hacia Mapa34 X:48 Y:53
11/4/2020 20:16:47 Transportó a Renzo hacia Mapa34 X:43 Y:51
11/4/2020 20:16:49 Transportó a Renzo hacia Mapa34 X:37 Y:53
11/4/2020 20:18:01 Se conecto con ip:190.7.240.54
11/4/2020 20:46:31 Se conecto con ip:190.7.240.54
11/4/2020 20:46:34 Transportó a Renzo hacia Mapa34 X:39 Y:56
11/4/2020 20:46:34 Transportó a Renzo hacia Mapa34 X:37 Y:56
11/4/2020 20:46:34 Transportó a Renzo hacia Mapa34 X:36 Y:56
11/4/2020 20:46:34 Transportó a Renzo hacia Mapa34 X:38 Y:61
11/4/2020 20:46:34 Transportó a Renzo hacia Mapa34 X:38 Y:61
11/4/2020 20:46:34 Transportó a Renzo hacia Mapa34 X:39 Y:61
11/4/2020 20:46:35 Transportó a Renzo hacia Mapa34 X:38 Y:66
11/4/2020 20:46:35 Transportó a Renzo hacia Mapa34 X:38 Y:66
11/4/2020 20:46:35 Transportó a Renzo hacia Mapa34 X:38 Y:71
11/4/2020 20:46:35 Transportó a Renzo hacia Mapa34 X:38 Y:71
11/4/2020 20:46:35 Transportó a Renzo hacia Mapa34 X:38 Y:76
11/4/2020 20:46:36 Transportó a Renzo hacia Mapa34 X:37 Y:76
11/4/2020 20:46:36 Transportó a Renzo hacia Mapa34 X:37 Y:81
11/4/2020 20:46:36 Transportó a Renzo hacia Mapa34 X:37 Y:81
11/4/2020 20:46:37 Transportó a Renzo hacia Mapa34 X:38 Y:86
11/4/2020 20:46:37 Transportó a Renzo hacia Mapa34 X:42 Y:91
11/4/2020 20:46:39 Transportó a Renzo hacia Mapa34 X:48 Y:89
11/4/2020 20:46:45 /SUM itaxhi Map:34 X:50 Y:90
11/4/2020 20:46:49 Transportó a Renzo hacia Mapa34 X:60 Y:88
11/4/2020 20:46:49 Transportó a Renzo hacia Mapa34 X:66 Y:87
11/4/2020 20:46:50 Transportó a Renzo hacia Mapa34 X:72 Y:87
11/4/2020 20:46:50 Transportó a Renzo hacia Mapa34 X:78 Y:88
11/4/2020 20:46:51 Transportó a Renzo hacia Mapa34 X:84 Y:89
11/4/2020 20:46:51 Transportó a Renzo hacia Mapa34 X:90 Y:90
11/4/2020 20:46:52 Transportó a Renzo hacia Mapa34 X:89 Y:88
11/4/2020 20:46:59 Transportó a Renzo hacia Mapa1 X:50 Y:50
11/4/2020 20:47:01 Transportó a Renzo hacia Mapa1 X:53 Y:58
11/4/2020 20:47:01 Transportó a Renzo hacia Mapa1 X:56 Y:63
11/4/2020 20:47:01 Transportó a Renzo hacia Mapa1 X:58 Y:69
11/4/2020 20:47:02 Transportó a Renzo hacia Mapa1 X:57 Y:74
11/4/2020 20:47:02 Transportó a Renzo hacia Mapa1 X:58 Y:74
11/4/2020 20:47:03 Transportó a Renzo hacia Mapa1 X:58 Y:79
11/4/2020 20:47:03 Transportó a Renzo hacia Mapa1 X:57 Y:79
11/4/2020 20:47:04 Transportó a Renzo hacia Mapa1 X:56 Y:84
11/4/2020 20:47:04 Transportó a Renzo hacia Mapa1 X:56 Y:84
11/4/2020 20:47:04 Transportó a Renzo hacia Mapa1 X:55 Y:89
11/4/2020 20:47:10 Transportó a Renzo hacia Mapa1 X:54 Y:87
11/4/2020 21:09:46 Se conecto con ip:190.7.240.54
11/4/2020 21:09:49 Transportó a Renzo hacia Mapa1 X:55 Y:74
12/4/2020 01:08:21 Se conecto con ip:181.16.46.131
12/4/2020 01:08:30 Transportó a Renzo hacia Mapa1 X:58 Y:46
12/4/2020 01:49:06 Se conecto con ip:190.7.240.54
12/4/2020 01:49:11 Se conecto con ip:190.7.240.54
12/4/2020 02:53:18 Se conecto con ip:190.7.240.54
12/4/2020 02:53:40 Transportó a RENZO hacia Mapa34 X:48 Y:69
12/4/2020 02:53:40 Transportó a RENZO hacia Mapa34 X:48 Y:67
12/4/2020 02:54:24 Se conecto con ip:190.7.240.54
12/4/2020 02:54:31 Transportó a Renzo hacia Mapa34 X:46 Y:60
12/4/2020 02:54:58 Transportó a Renzo hacia Mapa34 X:19 Y:70
12/4/2020 02:55:00 Transportó a Renzo hacia Mapa34 X:20 Y:70
12/4/2020 02:59:25 Se conecto con ip:190.7.240.54
12/4/2020 04:18:09 Se conecto con ip:181.16.46.131
12/4/2020 04:18:12 Transportó a Renzo hacia Mapa34 X:25 Y:72
12/4/2020 04:18:13 Transportó a Renzo hacia Mapa34 X:32 Y:73
12/4/2020 04:18:14 Transportó a Renzo hacia Mapa34 X:37 Y:75
12/4/2020 04:18:15 Transportó a Renzo hacia Mapa34 X:37 Y:72
12/4/2020 04:18:16 Transportó a Renzo hacia Mapa34 X:38 Y:69
12/4/2020 04:18:16 Transportó a Renzo hacia Mapa34 X:41 Y:65
12/4/2020 04:18:17 Transportó a Renzo hacia Mapa34 X:44 Y:61
12/4/2020 04:18:18 Transportó a Renzo hacia Mapa34 X:49 Y:54
12/4/2020 04:18:18 Transportó a Renzo hacia Mapa34 X:54 Y:49
12/4/2020 04:18:19 Transportó a Renzo hacia Mapa34 X:58 Y:45
12/4/2020 04:18:27 Transportó a Renzo hacia Mapa1 X:50 Y:50
>>>>>>> master
12/4/2020 19:54:01 Se conecto con ip:181.16.46.131
12/4/2020 19:59:39 Se conecto con ip:181.16.46.131
13/4/2020 01:08:02 Se conecto con ip:181.16.46.131
13/4/2020 01:12:07 Se conecto con ip:181.16.46.131
13/4/2020 01:16:22 Se conecto con ip:181.16.46.131
13/4/2020 01:16:38 Transportó a Renzo hacia Mapa1 X:61 Y:38
13/4/2020 01:16:40 Transportó a Renzo hacia Mapa1 X:60 Y:28
13/4/2020 01:16:41 Transportó a Renzo hacia Mapa1 X:51 Y:26
13/4/2020 01:16:41 Transportó a Renzo hacia Mapa1 X:51 Y:29
13/4/2020 01:19:20 Se conecto con ip:181.16.46.131
13/4/2020 01:25:42 Se conecto con ip:181.16.46.131
13/4/2020 01:32:58 Se conecto con ip:181.16.46.131
13/4/2020 01:33:03 Transportó a Renzo hacia Mapa1 X:54 Y:34
13/4/2020 01:33:04 Transportó a Renzo hacia Mapa1 X:56 Y:39
13/4/2020 12:39:16 Se conecto con ip:181.16.46.131
13/4/2020 12:39:18 Transportó a Renzo hacia Mapa1 X:57 Y:46
13/4/2020 12:39:20 Transportó a Renzo hacia Mapa1 X:58 Y:53
13/4/2020 12:39:28 Transportó a Renzo hacia Mapa1 X:54 Y:50
13/4/2020 12:39:36 Transportó a Renzo hacia Mapa291 X:50 Y:50
13/4/2020 12:39:37 Transportó a Renzo hacia Mapa291 X:48 Y:53
13/4/2020 12:39:37 Transportó a Renzo hacia Mapa291 X:46 Y:52
13/4/2020 12:39:37 Transportó a Renzo hacia Mapa291 X:44 Y:49
13/4/2020 12:39:37 Transportó a Renzo hacia Mapa291 X:42 Y:46
13/4/2020 12:39:38 Transportó a Renzo hacia Mapa291 X:40 Y:43
13/4/2020 12:39:38 Transportó a Renzo hacia Mapa291 X:38 Y:39
13/4/2020 12:39:38 Transportó a Renzo hacia Mapa291 X:36 Y:35
13/4/2020 12:39:39 Transportó a Renzo hacia Mapa291 X:38 Y:28
13/4/2020 12:39:39 Transportó a Renzo hacia Mapa291 X:41 Y:23
13/4/2020 12:39:40 Transportó a Renzo hacia Mapa291 X:44 Y:18
13/4/2020 12:39:40 Transportó a Renzo hacia Mapa291 X:46 Y:12
13/4/2020 12:39:40 Transportó a Renzo hacia Mapa291 X:45 Y:7
13/4/2020 12:39:42 Transportó a Renzo hacia Mapa291 X:42 Y:12
13/4/2020 12:39:42 Transportó a Renzo hacia Mapa291 X:38 Y:17
13/4/2020 12:39:42 Transportó a Renzo hacia Mapa291 X:38 Y:16
13/4/2020 12:39:42 Transportó a Renzo hacia Mapa291 X:33 Y:18
13/4/2020 12:39:43 Transportó a Renzo hacia Mapa291 X:29 Y:19
13/4/2020 12:39:43 Transportó a Renzo hacia Mapa291 X:25 Y:18
13/4/2020 12:39:43 Transportó a Renzo hacia Mapa291 X:22 Y:16
13/4/2020 12:39:43 Transportó a Renzo hacia Mapa291 X:19 Y:13
13/4/2020 12:39:43 Transportó a Renzo hacia Mapa291 X:16 Y:10
13/4/2020 12:39:44 Transportó a Renzo hacia Mapa291 X:12 Y:7
13/4/2020 12:43:26 Se conecto con ip:181.16.46.131
13/4/2020 12:43:28 Transportó a Renzo hacia Mapa1 X:56 Y:53
13/4/2020 12:43:31 Transportó a Renzo hacia Mapa291 X:49 Y:52
13/4/2020 12:43:31 Transportó a Renzo hacia Mapa291 X:46 Y:55
13/4/2020 12:43:31 Transportó a Renzo hacia Mapa291 X:42 Y:55
13/4/2020 12:43:31 Transportó a Renzo hacia Mapa291 X:40 Y:52
13/4/2020 12:43:32 Transportó a Renzo hacia Mapa291 X:38 Y:48
13/4/2020 12:43:32 Transportó a Renzo hacia Mapa291 X:35 Y:45
13/4/2020 12:43:32 Transportó a Renzo hacia Mapa291 X:31 Y:42
13/4/2020 12:43:32 Transportó a Renzo hacia Mapa291 X:26 Y:39
13/4/2020 12:43:33 Transportó a Renzo hacia Mapa291 X:21 Y:35
13/4/2020 12:43:33 Transportó a Renzo hacia Mapa291 X:15 Y:32
13/4/2020 12:43:34 Transportó a Renzo hacia Mapa291 X:9 Y:28
13/4/2020 12:43:34 Transportó a Renzo hacia Mapa291 X:10 Y:22
13/4/2020 12:43:35 Transportó a Renzo hacia Mapa291 X:12 Y:16
13/4/2020 12:43:35 Transportó a Renzo hacia Mapa291 X:12 Y:10
13/4/2020 12:43:43 Transportó a Renzo hacia Mapa1 X:56 Y:43
13/4/2020 12:43:44 Transportó a Renzo hacia Mapa1 X:57 Y:46
13/4/2020 12:43:45 Transportó a Renzo hacia Mapa1 X:59 Y:48
13/4/2020 12:43:45 Transportó a Renzo hacia Mapa1 X:60 Y:52
13/4/2020 12:43:46 Transportó a Renzo hacia Mapa1 X:56 Y:56
13/4/2020 12:43:46 Transportó a Renzo hacia Mapa1 X:52 Y:59
13/4/2020 12:43:46 Transportó a Renzo hacia Mapa1 X:50 Y:64
13/4/2020 12:43:47 Transportó a Renzo hacia Mapa1 X:52 Y:61
13/4/2020 12:43:47 Transportó a Renzo hacia Mapa1 X:54 Y:57
13/4/2020 12:43:47 Transportó a Renzo hacia Mapa1 X:56 Y:53
13/4/2020 12:43:48 Transportó a Renzo hacia Mapa1 X:56 Y:47
13/4/2020 12:44:02 Transportó a Renzo hacia Mapa1 X:57 Y:59
13/4/2020 12:44:02 Transportó a Renzo hacia Mapa1 X:60 Y:63
13/4/2020 12:44:02 Transportó a Renzo hacia Mapa1 X:62 Y:67
13/4/2020 12:44:04 Transportó a Renzo hacia Mapa1 X:62 Y:70
13/4/2020 12:44:07 Transportó a Renzo hacia Mapa1 X:57 Y:67
13/4/2020 12:44:07 Transportó a Renzo hacia Mapa1 X:53 Y:64
13/4/2020 12:44:07 Transportó a Renzo hacia Mapa1 X:54 Y:60
13/4/2020 12:44:07 Transportó a Renzo hacia Mapa1 X:55 Y:55
13/4/2020 12:44:08 Transportó a Renzo hacia Mapa1 X:57 Y:50
13/4/2020 12:44:08 Transportó a Renzo hacia Mapa1 X:57 Y:44
13/4/2020 12:44:10 Transportó a Renzo hacia Mapa1 X:60 Y:36
13/4/2020 12:44:12 Transportó a Renzo hacia Mapa1 X:65 Y:36
13/4/2020 12:44:15 Transportó a Renzo hacia Mapa1 X:65 Y:37
13/4/2020 12:44:15 Transportó a Renzo hacia Mapa1 X:66 Y:36
13/4/2020 12:44:15 Transportó a Renzo hacia Mapa1 X:66 Y:37
13/4/2020 12:44:15 Transportó a Renzo hacia Mapa1 X:66 Y:40
13/4/2020 12:44:15 Transportó a Renzo hacia Mapa1 X:67 Y:40
13/4/2020 12:44:16 Transportó a Renzo hacia Mapa1 X:64 Y:43
13/4/2020 12:44:16 Transportó a Renzo hacia Mapa1 X:61 Y:46
13/4/2020 12:44:17 Transportó a Renzo hacia Mapa1 X:58 Y:49
13/4/2020 12:44:18 Transportó a Renzo hacia Mapa1 X:54 Y:54
13/4/2020 12:44:24 Transportó a Renzo hacia Mapa291 X:50 Y:53
13/4/2020 12:44:27 Transportó a Renzo hacia Mapa291 X:44 Y:55
13/4/2020 12:44:27 Transportó a Renzo hacia Mapa291 X:43 Y:59
13/4/2020 12:44:27 Transportó a Renzo hacia Mapa291 X:45 Y:63
13/4/2020 12:44:28 Transportó a Renzo hacia Mapa291 X:48 Y:66
13/4/2020 12:44:28 Transportó a Renzo hacia Mapa291 X:49 Y:66
13/4/2020 12:44:31 Transportó a Renzo hacia Mapa291 X:56 Y:56
13/4/2020 12:44:31 Transportó a Renzo hacia Mapa291 X:60 Y:52
13/4/2020 12:44:31 Transportó a Renzo hacia Mapa291 X:64 Y:49
13/4/2020 12:44:32 Transportó a Renzo hacia Mapa291 X:69 Y:46
13/4/2020 12:44:32 Transportó a Renzo hacia Mapa291 X:74 Y:42
13/4/2020 12:44:32 Transportó a Renzo hacia Mapa291 X:79 Y:37
13/4/2020 12:44:32 Transportó a Renzo hacia Mapa291 X:84 Y:33
13/4/2020 12:44:33 Transportó a Renzo hacia Mapa291 X:87 Y:28
13/4/2020 12:44:33 Transportó a Renzo hacia Mapa291 X:91 Y:23
13/4/2020 12:44:33 Transportó a Renzo hacia Mapa291 X:90 Y:18
13/4/2020 12:44:34 Transportó a Renzo hacia Mapa291 X:92 Y:13
13/4/2020 12:44:35 Transportó a Renzo hacia Mapa291 X:89 Y:7
13/4/2020 12:44:36 Transportó a Renzo hacia Mapa1 X:55 Y:48
13/4/2020 12:44:38 Transportó a Renzo hacia Mapa1 X:57 Y:45
13/4/2020 15:16:41 Se conecto con ip:181.16.46.131
13/4/2020 15:16:45 Transportó a renzo hacia Mapa1 X:58 Y:42
13/4/2020 15:16:46 Transportó a renzo hacia Mapa1 X:58 Y:45
13/4/2020 15:16:46 Transportó a renzo hacia Mapa1 X:58 Y:50
13/4/2020 15:16:47 Transportó a renzo hacia Mapa1 X:57 Y:56
13/4/2020 15:16:57 Se conecto con ip:181.16.46.131
13/4/2020 15:17:08 Transportó a Renzo hacia Mapa1 X:59 Y:47
13/4/2020 15:17:08 Transportó a Renzo hacia Mapa1 X:58 Y:48
13/4/2020 15:17:09 Transportó a Renzo hacia Mapa1 X:57 Y:52
13/4/2020 15:17:09 Transportó a Renzo hacia Mapa1 X:54 Y:55
13/4/2020 15:17:10 Transportó a Renzo hacia Mapa1 X:54 Y:61
13/4/2020 15:17:10 Transportó a Renzo hacia Mapa1 X:54 Y:66
13/4/2020 15:17:11 Transportó a Renzo hacia Mapa1 X:53 Y:72
13/4/2020 15:17:12 Transportó a Renzo hacia Mapa1 X:53 Y:68
13/4/2020 15:17:12 Transportó a Renzo hacia Mapa1 X:53 Y:68
13/4/2020 15:17:12 Transportó a Renzo hacia Mapa1 X:53 Y:64
13/4/2020 15:17:13 Transportó a Renzo hacia Mapa1 X:52 Y:59
13/4/2020 15:17:14 Transportó a Renzo hacia Mapa1 X:53 Y:53
13/4/2020 15:17:16 Transportó a Renzo hacia Mapa291 X:54 Y:49
13/4/2020 15:17:16 Transportó a Renzo hacia Mapa291 X:57 Y:47
13/4/2020 15:17:17 Transportó a Renzo hacia Mapa291 X:59 Y:44
13/4/2020 15:17:17 Transportó a Renzo hacia Mapa291 X:60 Y:40
13/4/2020 15:17:17 Transportó a Renzo hacia Mapa291 X:61 Y:36
13/4/2020 15:17:17 Transportó a Renzo hacia Mapa291 X:63 Y:31
13/4/2020 15:17:18 Transportó a Renzo hacia Mapa291 X:65 Y:26
13/4/2020 15:17:18 Transportó a Renzo hacia Mapa291 X:66 Y:23
13/4/2020 15:17:18 Transportó a Renzo hacia Mapa291 X:69 Y:19
13/4/2020 15:17:18 Transportó a Renzo hacia Mapa291 X:73 Y:16
13/4/2020 15:17:19 Transportó a Renzo hacia Mapa291 X:78 Y:13
13/4/2020 15:17:19 Transportó a Renzo hacia Mapa291 X:81 Y:7
13/4/2020 15:17:20 Transportó a Renzo hacia Mapa291 X:86 Y:8
13/4/2020 15:17:29 Transportó a Renzo hacia Mapa291 X:86 Y:14
13/4/2020 15:17:29 Transportó a Renzo hacia Mapa291 X:83 Y:17
13/4/2020 15:17:30 Transportó a Renzo hacia Mapa291 X:80 Y:19
13/4/2020 15:17:30 Transportó a Renzo hacia Mapa291 X:76 Y:21
13/4/2020 15:17:30 Transportó a Renzo hacia Mapa291 X:72 Y:24
13/4/2020 15:17:30 Transportó a Renzo hacia Mapa291 X:67 Y:26
13/4/2020 15:17:31 Transportó a Renzo hacia Mapa291 X:60 Y:26
13/4/2020 15:17:32 Transportó a Renzo hacia Mapa291 X:58 Y:22
13/4/2020 15:17:32 Transportó a Renzo hacia Mapa291 X:55 Y:17
13/4/2020 15:17:32 Transportó a Renzo hacia Mapa291 X:51 Y:13
13/4/2020 15:17:32 Transportó a Renzo hacia Mapa291 X:46 Y:9
13/4/2020 15:17:33 Transportó a Renzo hacia Mapa291 X:40 Y:8
13/4/2020 15:17:34 Transportó a Renzo hacia Mapa291 X:33 Y:8
13/4/2020 15:17:34 Transportó a Renzo hacia Mapa291 X:26 Y:8
13/4/2020 15:17:35 Transportó a Renzo hacia Mapa291 X:19 Y:8
13/4/2020 15:17:36 Transportó a Renzo hacia Mapa291 X:11 Y:9
13/4/2020 15:17:39 Transportó a Renzo hacia Mapa1 X:56 Y:47
13/4/2020 15:17:40 Transportó a Renzo hacia Mapa1 X:61 Y:43
13/4/2020 22:39:49 Se conecto con ip:181.16.46.131
13/4/2020 22:39:51 Transportó a Renzo hacia Mapa1 X:56 Y:50
13/4/2020 22:40:00 Transportó a Renzo hacia Mapa291 X:47 Y:43
13/4/2020 22:40:01 Transportó a Renzo hacia Mapa291 X:43 Y:42
13/4/2020 22:40:01 Transportó a Renzo hacia Mapa291 X:41 Y:45
13/4/2020 22:40:01 Transportó a Renzo hacia Mapa291 X:41 Y:50
13/4/2020 22:40:02 Transportó a Renzo hacia Mapa291 X:43 Y:55
13/4/2020 22:40:02 Transportó a Renzo hacia Mapa291 X:46 Y:60
13/4/2020 22:40:02 Transportó a Renzo hacia Mapa291 X:51 Y:64
13/4/2020 22:40:02 Transportó a Renzo hacia Mapa291 X:57 Y:66
13/4/2020 22:40:02 Transportó a Renzo hacia Mapa291 X:63 Y:69
13/4/2020 22:40:03 Transportó a Renzo hacia Mapa291 X:70 Y:73
13/4/2020 22:40:03 Transportó a Renzo hacia Mapa291 X:76 Y:77
13/4/2020 22:40:03 Transportó a Renzo hacia Mapa291 X:81 Y:81
13/4/2020 22:40:03 Transportó a Renzo hacia Mapa291 X:87 Y:85
13/4/2020 22:40:04 Transportó a Renzo hacia Mapa291 X:89 Y:90
13/4/2020 22:40:07 Transportó a Renzo hacia Mapa291 X:83 Y:88
13/4/2020 22:40:07 Transportó a Renzo hacia Mapa291 X:81 Y:83
13/4/2020 22:40:08 Transportó a Renzo hacia Mapa291 X:77 Y:77
13/4/2020 22:40:08 Transportó a Renzo hacia Mapa291 X:72 Y:75
13/4/2020 22:40:09 Transportó a Renzo hacia Mapa291 X:68 Y:70
13/4/2020 22:40:09 Transportó a Renzo hacia Mapa291 X:62 Y:68
13/4/2020 22:40:09 Transportó a Renzo hacia Mapa291 X:56 Y:67
13/4/2020 22:40:10 Transportó a Renzo hacia Mapa291 X:50 Y:68
13/4/2020 22:40:10 Transportó a Renzo hacia Mapa291 X:44 Y:69
13/4/2020 22:40:10 Transportó a Renzo hacia Mapa291 X:39 Y:70
13/4/2020 22:40:10 Transportó a Renzo hacia Mapa291 X:35 Y:72
13/4/2020 22:40:10 Transportó a Renzo hacia Mapa291 X:32 Y:74
13/4/2020 22:40:11 Transportó a Renzo hacia Mapa291 X:29 Y:76
13/4/2020 22:40:11 Transportó a Renzo hacia Mapa291 X:28 Y:79
13/4/2020 22:40:11 Transportó a Renzo hacia Mapa291 X:27 Y:82
13/4/2020 22:40:11 Transportó a Renzo hacia Mapa291 X:27 Y:85
13/4/2020 22:40:11 Transportó a Renzo hacia Mapa291 X:27 Y:88
13/4/2020 22:40:12 Transportó a Renzo hacia Mapa291 X:28 Y:91
13/4/2020 22:40:12 Transportó a Renzo hacia Mapa291 X:28 Y:93
13/4/2020 22:40:12 Transportó a Renzo hacia Mapa291 X:26 Y:94
13/4/2020 22:40:12 Transportó a Renzo hacia Mapa291 X:24 Y:90
13/4/2020 22:40:12 Transportó a Renzo hacia Mapa291 X:24 Y:84
13/4/2020 22:40:12 Transportó a Renzo hacia Mapa291 X:24 Y:78
13/4/2020 22:40:13 Transportó a Renzo hacia Mapa291 X:24 Y:72
13/4/2020 22:40:13 Transportó a Renzo hacia Mapa291 X:25 Y:66
13/4/2020 22:40:13 Transportó a Renzo hacia Mapa291 X:26 Y:60
13/4/2020 22:40:13 Transportó a Renzo hacia Mapa291 X:26 Y:54
13/4/2020 22:40:13 Transportó a Renzo hacia Mapa291 X:26 Y:48
13/4/2020 22:40:14 Transportó a Renzo hacia Mapa291 X:25 Y:43
13/4/2020 22:40:14 Transportó a Renzo hacia Mapa291 X:24 Y:38
13/4/2020 22:40:14 Transportó a Renzo hacia Mapa291 X:24 Y:33
13/4/2020 22:40:14 Transportó a Renzo hacia Mapa291 X:24 Y:28
13/4/2020 22:40:15 Transportó a Renzo hacia Mapa291 X:24 Y:23
13/4/2020 22:40:15 Transportó a Renzo hacia Mapa291 X:24 Y:18
13/4/2020 22:40:15 Transportó a Renzo hacia Mapa291 X:24 Y:13
13/4/2020 22:40:16 Transportó a Renzo hacia Mapa291 X:24 Y:8
13/4/2020 22:40:16 Transportó a Renzo hacia Mapa291 X:26 Y:10
13/4/2020 22:40:17 Transportó a Renzo hacia Mapa291 X:29 Y:13
13/4/2020 22:40:17 Transportó a Renzo hacia Mapa291 X:31 Y:18
13/4/2020 22:40:17 Transportó a Renzo hacia Mapa291 X:32 Y:22
13/4/2020 22:40:33 Transportó a Renzo hacia Mapa291 X:47 Y:50
13/4/2020 22:40:35 Transportó a Renzo hacia Mapa291 X:49 Y:50
13/4/2020 22:40:36 Transportó a Renzo hacia Mapa291 X:54 Y:53
13/4/2020 22:40:36 Transportó a Renzo hacia Mapa291 X:60 Y:57
13/4/2020 22:40:36 Transportó a Renzo hacia Mapa291 X:66 Y:62
13/4/2020 22:40:36 Transportó a Renzo hacia Mapa291 X:72 Y:67
13/4/2020 22:40:37 Transportó a Renzo hacia Mapa291 X:78 Y:72
13/4/2020 22:40:37 Transportó a Renzo hacia Mapa291 X:84 Y:77
13/4/2020 22:40:37 Transportó a Renzo hacia Mapa291 X:90 Y:82
13/4/2020 22:40:38 Transportó a Renzo hacia Mapa291 X:90 Y:86
13/4/2020 22:40:38 Transportó a Renzo hacia Mapa291 X:90 Y:91
13/4/2020 22:40:39 Transportó a Renzo hacia Mapa291 X:88 Y:92
13/4/2020 22:40:42 Transportó a Renzo hacia Mapa1 X:57 Y:49
13/4/2020 22:40:44 Transportó a Renzo hacia Mapa291 X:53 Y:53
13/4/2020 22:40:45 Transportó a Renzo hacia Mapa291 X:57 Y:56
13/4/2020 22:40:45 Transportó a Renzo hacia Mapa291 X:61 Y:59
13/4/2020 22:40:45 Transportó a Renzo hacia Mapa291 X:67 Y:62
13/4/2020 22:40:45 Transportó a Renzo hacia Mapa291 X:73 Y:65
13/4/2020 22:40:46 Transportó a Renzo hacia Mapa291 X:79 Y:68
13/4/2020 22:40:46 Transportó a Renzo hacia Mapa291 X:85 Y:72
13/4/2020 22:40:46 Transportó a Renzo hacia Mapa291 X:91 Y:77
13/4/2020 22:40:47 Transportó a Renzo hacia Mapa291 X:92 Y:81
13/4/2020 22:40:47 Transportó a Renzo hacia Mapa291 X:92 Y:86
13/4/2020 22:40:47 Transportó a Renzo hacia Mapa291 X:91 Y:91
13/4/2020 22:40:48 Transportó a Renzo hacia Mapa291 X:89 Y:94
13/4/2020 22:40:50 Transportó a Renzo hacia Mapa1 X:55 Y:50
13/4/2020 22:40:50 Transportó a Renzo hacia Mapa1 X:59 Y:47
13/4/2020 22:56:54 Se conecto con ip:181.16.46.131
13/4/2020 22:57:00 Transportó a renzo hacia Mapa1 X:54 Y:50
13/4/2020 22:57:02 Transportó a renzo hacia Mapa291 X:53 Y:43
13/4/2020 22:57:03 Transportó a renzo hacia Mapa291 X:57 Y:39
13/4/2020 22:57:03 Transportó a renzo hacia Mapa291 X:62 Y:35
13/4/2020 22:57:03 Transportó a renzo hacia Mapa291 X:68 Y:31
13/4/2020 22:57:04 Transportó a renzo hacia Mapa291 X:73 Y:27
13/4/2020 22:57:04 Transportó a renzo hacia Mapa291 X:78 Y:23
13/4/2020 22:57:04 Transportó a renzo hacia Mapa291 X:83 Y:19
13/4/2020 22:57:04 Transportó a renzo hacia Mapa291 X:88 Y:14
13/4/2020 22:57:05 Transportó a renzo hacia Mapa291 X:88 Y:9
13/4/2020 22:57:11 Transportó a renzo hacia Mapa1 X:59 Y:52
13/4/2020 22:57:12 Transportó a renzo hacia Mapa1 X:63 Y:48
13/4/2020 22:57:13 Transportó a renzo hacia Mapa1 X:61 Y:48
13/4/2020 22:57:17 Transportó a renzo hacia Mapa1 X:60 Y:45
13/4/2020 22:57:19 Transportó a renzo hacia Mapa1 X:58 Y:52
13/4/2020 22:57:19 Transportó a renzo hacia Mapa1 X:57 Y:57
13/4/2020 22:57:20 Transportó a renzo hacia Mapa1 X:55 Y:61
13/4/2020 22:57:20 Transportó a renzo hacia Mapa1 X:54 Y:66
13/4/2020 22:57:20 Transportó a renzo hacia Mapa1 X:56 Y:71
13/4/2020 22:57:20 Transportó a renzo hacia Mapa1 X:59 Y:74
13/4/2020 22:57:21 Transportó a renzo hacia Mapa1 X:58 Y:72
13/4/2020 22:57:21 Transportó a renzo hacia Mapa1 X:58 Y:68
13/4/2020 22:57:21 Transportó a renzo hacia Mapa1 X:56 Y:65
13/4/2020 22:57:22 Transportó a renzo hacia Mapa1 X:54 Y:61
13/4/2020 22:57:22 Transportó a renzo hacia Mapa1 X:55 Y:56
13/4/2020 22:57:22 Transportó a renzo hacia Mapa1 X:58 Y:52
13/4/2020 22:57:24 Transportó a renzo hacia Mapa1 X:59 Y:45
